<?xml version="1.0" encoding="UTF-8"?>
<testsuite xmlns:xsi="http://www.w3.org/2001/XMLSchema-instance" xsi:schemaLocation="https://maven.apache.org/surefire/maven-surefire-plugin/xsd/surefire-test-report.xsd" name="org.bitcoinj.core.PeerGroupTest" time="9.615" tests="42" errors="0" skipped="2" failures="0">
  <properties>
[...]
</properties>
  <testcase name="singleDownloadPeer1[0]" classname="org.bitcoinj.core.PeerGroupTest" time="0.299"/>
  <testcase name="singleDownloadPeer2[0]" classname="org.bitcoinj.core.PeerGroupTest" time="0.274"/>
  <testcase name="receiveTxBroadcastOnAddedWallet[0]" classname="org.bitcoinj.core.PeerGroupTest" time="0.193"/>
  <testcase name="downloadPeerSelection[0]" classname="org.bitcoinj.core.PeerGroupTest" time="0.231"/>
  <testcase name="preferLocalPeer[0]" classname="org.bitcoinj.core.PeerGroupTest" time="0.078"/>
  <testcase name="waitForNumPeers1[0]" classname="org.bitcoinj.core.PeerGroupTest" time="0.185"/>
  <testcase name="transactionConfidence[0]" classname="org.bitcoinj.core.PeerGroupTest" time="0.292"/>
  <testcase name="peerTimeoutTest[0]" classname="org.bitcoinj.core.PeerGroupTest" time="0.258"/>
  <testcase name="autoRescanOnKeyExhaustion[0]" classname="org.bitcoinj.core.PeerGroupTest" time="0.373"/>
  <testcase name="pings[0]" classname="org.bitcoinj.core.PeerGroupTest" time="0.256"/>
  <testcase name="receiveTxBroadcast[0]" classname="org.bitcoinj.core.PeerGroupTest" time="0.252"/>
  <testcase name="testBloomResendOnNewKey[0]" classname="org.bitcoinj.core.PeerGroupTest" time="0.152"/>
  <testcase name="peerDiscoveryPolling[0]" classname="org.bitcoinj.core.PeerGroupTest" time="1.043"/>
  <testcase name="testBloomOnP2Pubkey[0]" classname="org.bitcoinj.core.PeerGroupTest" time="0.24"/>
  <testcase name="peerPriority[0]" classname="org.bitcoinj.core.PeerGroupTest" time="0">
    <skipped message="disabled for now as this test is too flaky"/>
  </testcase>
  <testcase name="waitForPeersOfVersion[0]" classname="org.bitcoinj.core.PeerGroupTest" time="0.214"/>
  <testcase name="listener[0]" classname="org.bitcoinj.core.PeerGroupTest" time="0.08"/>
  <testcase name="multiplePeerDiscovery[0]" classname="org.bitcoinj.core.PeerGroupTest" time="0.087"/>
  <testcase name="testWalletCatchupTime[0]" classname="org.bitcoinj.core.PeerGroupTest" time="0.088"/>
  <testcase name="waitForPeersWithServiceFlags[0]" classname="org.bitcoinj.core.PeerGroupTest" time="0.185"/>
  <testcase name="noPings[0]" classname="org.bitcoinj.core.PeerGroupTest" time="0.153"/>
  <testcase name="singleDownloadPeer1[1]" classname="org.bitcoinj.core.PeerGroupTest" time="0.281"/>
  <testcase name="singleDownloadPeer2[1]" classname="org.bitcoinj.core.PeerGroupTest" time="0.2"/>
  <testcase name="receiveTxBroadcastOnAddedWallet[1]" classname="org.bitcoinj.core.PeerGroupTest" time="0.192"/>
  <testcase name="downloadPeerSelection[1]" classname="org.bitcoinj.core.PeerGroupTest" time="0.236"/>
  <testcase name="preferLocalPeer[1]" classname="org.bitcoinj.core.PeerGroupTest" time="0.043"/>
  <testcase name="waitForNumPeers1[1]" classname="org.bitcoinj.core.PeerGroupTest" time="0.176"/>
  <testcase name="transactionConfidence[1]" classname="org.bitcoinj.core.PeerGroupTest" time="0.292"/>
  <testcase name="peerTimeoutTest[1]" classname="org.bitcoinj.core.PeerGroupTest" time="0.168"/>
  <testcase name="autoRescanOnKeyExhaustion[1]" classname="org.bitcoinj.core.PeerGroupTest" time="0.358"/>
  <testcase name="pings[1]" classname="org.bitcoinj.core.PeerGroupTest" time="0.243"/>
  <testcase name="receiveTxBroadcast[1]" classname="org.bitcoinj.core.PeerGroupTest" time="0.255"/>
  <testcase name="testBloomResendOnNewKey[1]" classname="org.bitcoinj.core.PeerGroupTest" time="0.156"/>
  <testcase name="peerDiscoveryPolling[1]" classname="org.bitcoinj.core.PeerGroupTest" time="1.047"/>
  <testcase name="testBloomOnP2Pubkey[1]" classname="org.bitcoinj.core.PeerGroupTest" time="0.219"/>
  <testcase name="peerPriority[1]" classname="org.bitcoinj.core.PeerGroupTest" time="0">
    <skipped message="disabled for now as this test is too flaky"/>
  </testcase>
  <testcase name="waitForPeersOfVersion[1]" classname="org.bitcoinj.core.PeerGroupTest" time="0.177"/>
  <testcase name="listener[1]" classname="org.bitcoinj.core.PeerGroupTest" time="0.156"/>
  <testcase name="multiplePeerDiscovery[1]" classname="org.bitcoinj.core.PeerGroupTest" time="0.068"/>
  <testcase name="testWalletCatchupTime[1]" classname="org.bitcoinj.core.PeerGroupTest" time="0.066"/>
  <testcase name="waitForPeersWithServiceFlags[1]" classname="org.bitcoinj.core.PeerGroupTest" time="0.176"/>
  <testcase name="noPings[1]" classname="org.bitcoinj.core.PeerGroupTest" time="0.096"/>
</testsuite>