<?xml version="1.0" encoding="UTF-8"?>
<testsuite xmlns:xsi="http://www.w3.org/2001/XMLSchema-instance" xsi:schemaLocation="https://maven.apache.org/surefire/maven-surefire-plugin/xsd/surefire-test-report.xsd" name="org.bitcoinj.utils.BtcFormatTest" time="3.763" tests="4480" errors="0" skipped="0" failures="0">
  <properties>
[...]
</properties>
  <testcase name="factoryArgumentsTest[0]" classname="org.bitcoinj.utils.BtcFormatTest" time="0.034"/>
  <testcase name="parseTest[0]" classname="org.bitcoinj.utils.BtcFormatTest" time="0.017"/>
  <testcase name="microcoinScaleTest[0]" classname="org.bitcoinj.utils.BtcFormatTest" time="0.001"/>
  <testcase name="parseMetricTest[0]" classname="org.bitcoinj.utils.BtcFormatTest" time="0.006"/>
  <testcase name="coinScaleTest[0]" classname="org.bitcoinj.utils.BtcFormatTest" time="0"/>
  <testcase name="builderTest[0]" classname="org.bitcoinj.utils.BtcFormatTest" time="0.013"/>
  <testcase name="attributeTest[0]" classname="org.bitcoinj.utils.BtcFormatTest" time="0.006"/>
  <testcase name="prefixTest[0]" classname="org.bitcoinj.utils.BtcFormatTest" time="0.002"/>
  <testcase name="suffixTest[0]" classname="org.bitcoinj.utils.BtcFormatTest" time="0.002"/>
  <testcase name="autoDecimalTest[0]" classname="org.bitcoinj.utils.BtcFormatTest" time="0.008"/>
  <testcase name="symbolCollisionTest[0]" classname="org.bitcoinj.utils.BtcFormatTest" time="0.15"/>
  <testcase name="equalityTest[0]" classname="org.bitcoinj.utils.BtcFormatTest" time="0.008"/>
  <testcase name="columnAlignmentTest[0]" classname="org.bitcoinj.utils.BtcFormatTest" time="0.001"/>
  <testcase name="factoryTest[0]" classname="org.bitcoinj.utils.BtcFormatTest" time="0.002"/>
  <testcase name="parse[0]" classname="org.bitcoinj.utils.BtcFormatTest" time="0"/>
  <testcase name="btcRounding[0]" classname="org.bitcoinj.utils.BtcFormatTest" time="0.006"/>
  <testcase name="negativeTest[0]" classname="org.bitcoinj.utils.BtcFormatTest" time="0.002"/>
  <testcase name="millicoinScaleTest[0]" classname="org.bitcoinj.utils.BtcFormatTest" time="0"/>
  <testcase name="toStringTest[0]" classname="org.bitcoinj.utils.BtcFormatTest" time="0.003"/>
  <testcase name="testGrouping[0]" classname="org.bitcoinj.utils.BtcFormatTest" time="0.001"/>
  <testcase name="symbolsCodesTest[0]" classname="org.bitcoinj.utils.BtcFormatTest" time="0.001"/>
  <testcase name="defaultLocaleTest[0]" classname="org.bitcoinj.utils.BtcFormatTest" time="0.003"/>
  <testcase name="parsePositionTest[0]" classname="org.bitcoinj.utils.BtcFormatTest" time="0.002"/>
  <testcase name="argumentTypeTest[0]" classname="org.bitcoinj.utils.BtcFormatTest" time="0.003"/>
  <testcase name="characterIteratorTest[0]" classname="org.bitcoinj.utils.BtcFormatTest" time="0.005"/>
  <testcase name="repeatingPlaceTest[0]" classname="org.bitcoinj.utils.BtcFormatTest" time="0.001"/>
  <testcase name="currencyCodeTest[0]" classname="org.bitcoinj.utils.BtcFormatTest" time="0.001"/>
  <testcase name="patternDecimalPlaces[0]" classname="org.bitcoinj.utils.BtcFormatTest" time="0"/>
  <testcase name="factoryArgumentsTest[1]" classname="org.bitcoinj.utils.BtcFormatTest" time="0.003"/>
  <testcase name="parseTest[1]" classname="org.bitcoinj.utils.BtcFormatTest" time="0.007"/>
  <testcase name="microcoinScaleTest[1]" classname="org.bitcoinj.utils.BtcFormatTest" time="0"/>
  <testcase name="parseMetricTest[1]" classname="org.bitcoinj.utils.BtcFormatTest" time="0.004"/>
  <testcase name="coinScaleTest[1]" classname="org.bitcoinj.utils.BtcFormatTest" time="0"/>
  <testcase name="builderTest[1]" classname="org.bitcoinj.utils.BtcFormatTest" time="0.006"/>
  <testcase name="attributeTest[1]" classname="org.bitcoinj.utils.BtcFormatTest" time="0.001"/>
  <testcase name="prefixTest[1]" classname="org.bitcoinj.utils.BtcFormatTest" time="0.001"/>
  <testcase name="suffixTest[1]" classname="org.bitcoinj.utils.BtcFormatTest" time="0.001"/>
  <testcase name="autoDecimalTest[1]" classname="org.bitcoinj.utils.BtcFormatTest" time="0.006"/>
  <testcase name="symbolCollisionTest[1]" classname="org.bitcoinj.utils.BtcFormatTest" time="0.003"/>
  <testcase name="equalityTest[1]" classname="org.bitcoinj.utils.BtcFormatTest" time="0.006"/>
  <testcase name="columnAlignmentTest[1]" classname="org.bitcoinj.utils.BtcFormatTest" time="0.001"/>
  <testcase name="factoryTest[1]" classname="org.bitcoinj.utils.BtcFormatTest" time="0.001"/>
  <testcase name="parse[1]" classname="org.bitcoinj.utils.BtcFormatTest" time="0.001"/>
  <testcase name="btcRounding[1]" classname="org.bitcoinj.utils.BtcFormatTest" time="0.005"/>
  <testcase name="negativeTest[1]" classname="org.bitcoinj.utils.BtcFormatTest" time="0.001"/>
  <testcase name="millicoinScaleTest[1]" classname="org.bitcoinj.utils.BtcFormatTest" time="0.001"/>
  <testcase name="toStringTest[1]" classname="org.bitcoinj.utils.BtcFormatTest" time="0.002"/>
  <testcase name="testGrouping[1]" classname="org.bitcoinj.utils.BtcFormatTest" time="0.001"/>
  <testcase name="symbolsCodesTest[1]" classname="org.bitcoinj.utils.BtcFormatTest" time="0.002"/>
  <testcase name="defaultLocaleTest[1]" classname="org.bitcoinj.utils.BtcFormatTest" time="0"/>
  <testcase name="parsePositionTest[1]" classname="org.bitcoinj.utils.BtcFormatTest" time="0.002"/>
  <testcase name="argumentTypeTest[1]" classname="org.bitcoinj.utils.BtcFormatTest" time="0.002"/>
  <testcase name="characterIteratorTest[1]" classname="org.bitcoinj.utils.BtcFormatTest" time="0.002"/>
  <testcase name="repeatingPlaceTest[1]" classname="org.bitcoinj.utils.BtcFormatTest" time="0.001"/>
  <testcase name="currencyCodeTest[1]" classname="org.bitcoinj.utils.BtcFormatTest" time="0.001"/>
  <testcase name="patternDecimalPlaces[1]" classname="org.bitcoinj.utils.BtcFormatTest" time="0"/>
  <testcase name="factoryArgumentsTest[2]" classname="org.bitcoinj.utils.BtcFormatTest" time="0.003"/>
  <testcase name="parseTest[2]" classname="org.bitcoinj.utils.BtcFormatTest" time="0.005"/>
  <testcase name="microcoinScaleTest[2]" classname="org.bitcoinj.utils.BtcFormatTest" time="0"/>
  <testcase name="parseMetricTest[2]" classname="org.bitcoinj.utils.BtcFormatTest" time="0.003"/>
  <testcase name="coinScaleTest[2]" classname="org.bitcoinj.utils.BtcFormatTest" time="0"/>
  <testcase name="builderTest[2]" classname="org.bitcoinj.utils.BtcFormatTest" time="0.006"/>
  <testcase name="attributeTest[2]" classname="org.bitcoinj.utils.BtcFormatTest" time="0"/>
  <testcase name="prefixTest[2]" classname="org.bitcoinj.utils.BtcFormatTest" time="0.001"/>
  <testcase name="suffixTest[2]" classname="org.bitcoinj.utils.BtcFormatTest" time="0.001"/>
  <testcase name="autoDecimalTest[2]" classname="org.bitcoinj.utils.BtcFormatTest" time="0.004"/>
  <testcase name="symbolCollisionTest[2]" classname="org.bitcoinj.utils.BtcFormatTest" time="0.002"/>
  <testcase name="equalityTest[2]" classname="org.bitcoinj.utils.BtcFormatTest" time="0.004"/>
  <testcase name="columnAlignmentTest[2]" classname="org.bitcoinj.utils.BtcFormatTest" time="0"/>
  <testcase name="factoryTest[2]" classname="org.bitcoinj.utils.BtcFormatTest" time="0.001"/>
  <testcase name="parse[2]" classname="org.bitcoinj.utils.BtcFormatTest" time="0"/>
  <testcase name="btcRounding[2]" classname="org.bitcoinj.utils.BtcFormatTest" time="0.002"/>
  <testcase name="negativeTest[2]" classname="org.bitcoinj.utils.BtcFormatTest" time="0.001"/>
  <testcase name="millicoinScaleTest[2]" classname="org.bitcoinj.utils.BtcFormatTest" time="0"/>
  <testcase name="toStringTest[2]" classname="org.bitcoinj.utils.BtcFormatTest" time="0"/>
  <testcase name="testGrouping[2]" classname="org.bitcoinj.utils.BtcFormatTest" time="0.001"/>
  <testcase name="symbolsCodesTest[2]" classname="org.bitcoinj.utils.BtcFormatTest" time="0.001"/>
  <testcase name="defaultLocaleTest[2]" classname="org.bitcoinj.utils.BtcFormatTest" time="0.001"/>
  <testcase name="parsePositionTest[2]" classname="org.bitcoinj.utils.BtcFormatTest" time="0.001"/>
  <testcase name="argumentTypeTest[2]" classname="org.bitcoinj.utils.BtcFormatTest" time="0.001"/>
  <testcase name="characterIteratorTest[2]" classname="org.bitcoinj.utils.BtcFormatTest" time="0.002"/>
  <testcase name="repeatingPlaceTest[2]" classname="org.bitcoinj.utils.BtcFormatTest" time="0.001"/>
  <testcase name="currencyCodeTest[2]" classname="org.bitcoinj.utils.BtcFormatTest" time="0.001"/>
  <testcase name="patternDecimalPlaces[2]" classname="org.bitcoinj.utils.BtcFormatTest" time="0"/>
  <testcase name="factoryArgumentsTest[3]" classname="org.bitcoinj.utils.BtcFormatTest" time="0.002"/>
  <testcase name="parseTest[3]" classname="org.bitcoinj.utils.BtcFormatTest" time="0.004"/>
  <testcase name="microcoinScaleTest[3]" classname="org.bitcoinj.utils.BtcFormatTest" time="0"/>
  <testcase name="parseMetricTest[3]" classname="org.bitcoinj.utils.BtcFormatTest" time="0.001"/>
  <testcase name="coinScaleTest[3]" classname="org.bitcoinj.utils.BtcFormatTest" time="0.001"/>
  <testcase name="builderTest[3]" classname="org.bitcoinj.utils.BtcFormatTest" time="0.004"/>
  <testcase name="attributeTest[3]" classname="org.bitcoinj.utils.BtcFormatTest" time="0.001"/>
  <testcase name="prefixTest[3]" classname="org.bitcoinj.utils.BtcFormatTest" time="0"/>
  <testcase name="suffixTest[3]" classname="org.bitcoinj.utils.BtcFormatTest" time="0"/>
  <testcase name="autoDecimalTest[3]" classname="org.bitcoinj.utils.BtcFormatTest" time="0.002"/>
  <testcase name="symbolCollisionTest[3]" classname="org.bitcoinj.utils.BtcFormatTest" time="0.002"/>
  <testcase name="equalityTest[3]" classname="org.bitcoinj.utils.BtcFormatTest" time="0.003"/>
  <testcase name="columnAlignmentTest[3]" classname="org.bitcoinj.utils.BtcFormatTest" time="0.001"/>
  <testcase name="factoryTest[3]" classname="org.bitcoinj.utils.BtcFormatTest" time="0"/>
  <testcase name="parse[3]" classname="org.bitcoinj.utils.BtcFormatTest" time="0"/>
  <testcase name="btcRounding[3]" classname="org.bitcoinj.utils.BtcFormatTest" time="0.002"/>
  <testcase name="negativeTest[3]" classname="org.bitcoinj.utils.BtcFormatTest" time="0.001"/>
  <testcase name="millicoinScaleTest[3]" classname="org.bitcoinj.utils.BtcFormatTest" time="0"/>
  <testcase name="toStringTest[3]" classname="org.bitcoinj.utils.BtcFormatTest" time="0.001"/>
  <testcase name="testGrouping[3]" classname="org.bitcoinj.utils.BtcFormatTest" time="0"/>
  <testcase name="symbolsCodesTest[3]" classname="org.bitcoinj.utils.BtcFormatTest" time="0.001"/>
  <testcase name="defaultLocaleTest[3]" classname="org.bitcoinj.utils.BtcFormatTest" time="0.001"/>
  <testcase name="parsePositionTest[3]" classname="org.bitcoinj.utils.BtcFormatTest" time="0"/>
  <testcase name="argumentTypeTest[3]" classname="org.bitcoinj.utils.BtcFormatTest" time="0.001"/>
  <testcase name="characterIteratorTest[3]" classname="org.bitcoinj.utils.BtcFormatTest" time="0.002"/>
  <testcase name="repeatingPlaceTest[3]" classname="org.bitcoinj.utils.BtcFormatTest" time="0.001"/>
  <testcase name="currencyCodeTest[3]" classname="org.bitcoinj.utils.BtcFormatTest" time="0"/>
  <testcase name="patternDecimalPlaces[3]" classname="org.bitcoinj.utils.BtcFormatTest" time="0"/>
  <testcase name="factoryArgumentsTest[4]" classname="org.bitcoinj.utils.BtcFormatTest" time="0.003"/>
  <testcase name="parseTest[4]" classname="org.bitcoinj.utils.BtcFormatTest" time="0.002"/>
  <testcase name="microcoinScaleTest[4]" classname="org.bitcoinj.utils.BtcFormatTest" time="0"/>
  <testcase name="parseMetricTest[4]" classname="org.bitcoinj.utils.BtcFormatTest" time="0.001"/>
  <testcase name="coinScaleTest[4]" classname="org.bitcoinj.utils.BtcFormatTest" time="0"/>
  <testcase name="builderTest[4]" classname="org.bitcoinj.utils.BtcFormatTest" time="0.004"/>
  <testcase name="attributeTest[4]" classname="org.bitcoinj.utils.BtcFormatTest" time="0"/>
  <testcase name="prefixTest[4]" classname="org.bitcoinj.utils.BtcFormatTest" time="0.001"/>
  <testcase name="suffixTest[4]" classname="org.bitcoinj.utils.BtcFormatTest" time="0"/>
  <testcase name="autoDecimalTest[4]" classname="org.bitcoinj.utils.BtcFormatTest" time="0.002"/>
  <testcase name="symbolCollisionTest[4]" classname="org.bitcoinj.utils.BtcFormatTest" time="0.002"/>
  <testcase name="equalityTest[4]" classname="org.bitcoinj.utils.BtcFormatTest" time="0.002"/>
  <testcase name="columnAlignmentTest[4]" classname="org.bitcoinj.utils.BtcFormatTest" time="0"/>
  <testcase name="factoryTest[4]" classname="org.bitcoinj.utils.BtcFormatTest" time="0.001"/>
  <testcase name="parse[4]" classname="org.bitcoinj.utils.BtcFormatTest" time="0"/>
  <testcase name="btcRounding[4]" classname="org.bitcoinj.utils.BtcFormatTest" time="0.002"/>
  <testcase name="negativeTest[4]" classname="org.bitcoinj.utils.BtcFormatTest" time="0.001"/>
  <testcase name="millicoinScaleTest[4]" classname="org.bitcoinj.utils.BtcFormatTest" time="0"/>
  <testcase name="toStringTest[4]" classname="org.bitcoinj.utils.BtcFormatTest" time="0.001"/>
  <testcase name="testGrouping[4]" classname="org.bitcoinj.utils.BtcFormatTest" time="0"/>
  <testcase name="symbolsCodesTest[4]" classname="org.bitcoinj.utils.BtcFormatTest" time="0"/>
  <testcase name="defaultLocaleTest[4]" classname="org.bitcoinj.utils.BtcFormatTest" time="0.001"/>
  <testcase name="parsePositionTest[4]" classname="org.bitcoinj.utils.BtcFormatTest" time="0"/>
  <testcase name="argumentTypeTest[4]" classname="org.bitcoinj.utils.BtcFormatTest" time="0.001"/>
  <testcase name="characterIteratorTest[4]" classname="org.bitcoinj.utils.BtcFormatTest" time="0.001"/>
  <testcase name="repeatingPlaceTest[4]" classname="org.bitcoinj.utils.BtcFormatTest" time="0"/>
  <testcase name="currencyCodeTest[4]" classname="org.bitcoinj.utils.BtcFormatTest" time="0"/>
  <testcase name="patternDecimalPlaces[4]" classname="org.bitcoinj.utils.BtcFormatTest" time="0"/>
  <testcase name="factoryArgumentsTest[5]" classname="org.bitcoinj.utils.BtcFormatTest" time="0.002"/>
  <testcase name="parseTest[5]" classname="org.bitcoinj.utils.BtcFormatTest" time="0.002"/>
  <testcase name="microcoinScaleTest[5]" classname="org.bitcoinj.utils.BtcFormatTest" time="0"/>
  <testcase name="parseMetricTest[5]" classname="org.bitcoinj.utils.BtcFormatTest" time="0.002"/>
  <testcase name="coinScaleTest[5]" classname="org.bitcoinj.utils.BtcFormatTest" time="0"/>
  <testcase name="builderTest[5]" classname="org.bitcoinj.utils.BtcFormatTest" time="0.003"/>
  <testcase name="attributeTest[5]" classname="org.bitcoinj.utils.BtcFormatTest" time="0"/>
  <testcase name="prefixTest[5]" classname="org.bitcoinj.utils.BtcFormatTest" time="0"/>
  <testcase name="suffixTest[5]" classname="org.bitcoinj.utils.BtcFormatTest" time="0.001"/>
  <testcase name="autoDecimalTest[5]" classname="org.bitcoinj.utils.BtcFormatTest" time="0.001"/>
  <testcase name="symbolCollisionTest[5]" classname="org.bitcoinj.utils.BtcFormatTest" time="0.001"/>
  <testcase name="equalityTest[5]" classname="org.bitcoinj.utils.BtcFormatTest" time="0.002"/>
  <testcase name="columnAlignmentTest[5]" classname="org.bitcoinj.utils.BtcFormatTest" time="0.001"/>
  <testcase name="factoryTest[5]" classname="org.bitcoinj.utils.BtcFormatTest" time="0"/>
  <testcase name="parse[5]" classname="org.bitcoinj.utils.BtcFormatTest" time="0"/>
  <testcase name="btcRounding[5]" classname="org.bitcoinj.utils.BtcFormatTest" time="0.002"/>
  <testcase name="negativeTest[5]" classname="org.bitcoinj.utils.BtcFormatTest" time="0.001"/>
  <testcase name="millicoinScaleTest[5]" classname="org.bitcoinj.utils.BtcFormatTest" time="0"/>
  <testcase name="toStringTest[5]" classname="org.bitcoinj.utils.BtcFormatTest" time="0"/>
  <testcase name="testGrouping[5]" classname="org.bitcoinj.utils.BtcFormatTest" time="0"/>
  <testcase name="symbolsCodesTest[5]" classname="org.bitcoinj.utils.BtcFormatTest" time="0.001"/>
  <testcase name="defaultLocaleTest[5]" classname="org.bitcoinj.utils.BtcFormatTest" time="0"/>
  <testcase name="parsePositionTest[5]" classname="org.bitcoinj.utils.BtcFormatTest" time="0.001"/>
  <testcase name="argumentTypeTest[5]" classname="org.bitcoinj.utils.BtcFormatTest" time="0.001"/>
  <testcase name="characterIteratorTest[5]" classname="org.bitcoinj.utils.BtcFormatTest" time="0.001"/>
  <testcase name="repeatingPlaceTest[5]" classname="org.bitcoinj.utils.BtcFormatTest" time="0.001"/>
  <testcase name="currencyCodeTest[5]" classname="org.bitcoinj.utils.BtcFormatTest" time="0"/>
  <testcase name="patternDecimalPlaces[5]" classname="org.bitcoinj.utils.BtcFormatTest" time="0"/>
  <testcase name="factoryArgumentsTest[6]" classname="org.bitcoinj.utils.BtcFormatTest" time="0.003"/>
  <testcase name="parseTest[6]" classname="org.bitcoinj.utils.BtcFormatTest" time="0.002"/>
  <testcase name="microcoinScaleTest[6]" classname="org.bitcoinj.utils.BtcFormatTest" time="0"/>
  <testcase name="parseMetricTest[6]" classname="org.bitcoinj.utils.BtcFormatTest" time="0.001"/>
  <testcase name="coinScaleTest[6]" classname="org.bitcoinj.utils.BtcFormatTest" time="0"/>
  <testcase name="builderTest[6]" classname="org.bitcoinj.utils.BtcFormatTest" time="0.003"/>
  <testcase name="attributeTest[6]" classname="org.bitcoinj.utils.BtcFormatTest" time="0"/>
  <testcase name="prefixTest[6]" classname="org.bitcoinj.utils.BtcFormatTest" time="0"/>
  <testcase name="suffixTest[6]" classname="org.bitcoinj.utils.BtcFormatTest" time="0"/>
  <testcase name="autoDecimalTest[6]" classname="org.bitcoinj.utils.BtcFormatTest" time="0.002"/>
  <testcase name="symbolCollisionTest[6]" classname="org.bitcoinj.utils.BtcFormatTest" time="0.001"/>
  <testcase name="equalityTest[6]" classname="org.bitcoinj.utils.BtcFormatTest" time="0.002"/>
  <testcase name="columnAlignmentTest[6]" classname="org.bitcoinj.utils.BtcFormatTest" time="0.001"/>
  <testcase name="factoryTest[6]" classname="org.bitcoinj.utils.BtcFormatTest" time="0"/>
  <testcase name="parse[6]" classname="org.bitcoinj.utils.BtcFormatTest" time="0"/>
  <testcase name="btcRounding[6]" classname="org.bitcoinj.utils.BtcFormatTest" time="0.002"/>
  <testcase name="negativeTest[6]" classname="org.bitcoinj.utils.BtcFormatTest" time="0"/>
  <testcase name="millicoinScaleTest[6]" classname="org.bitcoinj.utils.BtcFormatTest" time="0"/>
  <testcase name="toStringTest[6]" classname="org.bitcoinj.utils.BtcFormatTest" time="0.001"/>
  <testcase name="testGrouping[6]" classname="org.bitcoinj.utils.BtcFormatTest" time="0.001"/>
  <testcase name="symbolsCodesTest[6]" classname="org.bitcoinj.utils.BtcFormatTest" time="0"/>
  <testcase name="defaultLocaleTest[6]" classname="org.bitcoinj.utils.BtcFormatTest" time="0.001"/>
  <testcase name="parsePositionTest[6]" classname="org.bitcoinj.utils.BtcFormatTest" time="0"/>
  <testcase name="argumentTypeTest[6]" classname="org.bitcoinj.utils.BtcFormatTest" time="0.001"/>
  <testcase name="characterIteratorTest[6]" classname="org.bitcoinj.utils.BtcFormatTest" time="0.001"/>
  <testcase name="repeatingPlaceTest[6]" classname="org.bitcoinj.utils.BtcFormatTest" time="0.001"/>
  <testcase name="currencyCodeTest[6]" classname="org.bitcoinj.utils.BtcFormatTest" time="0"/>
  <testcase name="patternDecimalPlaces[6]" classname="org.bitcoinj.utils.BtcFormatTest" time="0"/>
  <testcase name="factoryArgumentsTest[7]" classname="org.bitcoinj.utils.BtcFormatTest" time="0.001"/>
  <testcase name="parseTest[7]" classname="org.bitcoinj.utils.BtcFormatTest" time="0.003"/>
  <testcase name="microcoinScaleTest[7]" classname="org.bitcoinj.utils.BtcFormatTest" time="0"/>
  <testcase name="parseMetricTest[7]" classname="org.bitcoinj.utils.BtcFormatTest" time="0.001"/>
  <testcase name="coinScaleTest[7]" classname="org.bitcoinj.utils.BtcFormatTest" time="0"/>
  <testcase name="builderTest[7]" classname="org.bitcoinj.utils.BtcFormatTest" time="0.002"/>
  <testcase name="attributeTest[7]" classname="org.bitcoinj.utils.BtcFormatTest" time="0.001"/>
  <testcase name="prefixTest[7]" classname="org.bitcoinj.utils.BtcFormatTest" time="0"/>
  <testcase name="suffixTest[7]" classname="org.bitcoinj.utils.BtcFormatTest" time="0"/>
  <testcase name="autoDecimalTest[7]" classname="org.bitcoinj.utils.BtcFormatTest" time="0.002"/>
  <testcase name="symbolCollisionTest[7]" classname="org.bitcoinj.utils.BtcFormatTest" time="0.001"/>
  <testcase name="equalityTest[7]" classname="org.bitcoinj.utils.BtcFormatTest" time="0.002"/>
  <testcase name="columnAlignmentTest[7]" classname="org.bitcoinj.utils.BtcFormatTest" time="0.001"/>
  <testcase name="factoryTest[7]" classname="org.bitcoinj.utils.BtcFormatTest" time="0"/>
  <testcase name="parse[7]" classname="org.bitcoinj.utils.BtcFormatTest" time="0"/>
  <testcase name="btcRounding[7]" classname="org.bitcoinj.utils.BtcFormatTest" time="0.003"/>
  <testcase name="negativeTest[7]" classname="org.bitcoinj.utils.BtcFormatTest" time="0.001"/>
  <testcase name="millicoinScaleTest[7]" classname="org.bitcoinj.utils.BtcFormatTest" time="0"/>
  <testcase name="toStringTest[7]" classname="org.bitcoinj.utils.BtcFormatTest" time="0.001"/>
  <testcase name="testGrouping[7]" classname="org.bitcoinj.utils.BtcFormatTest" time="0.001"/>
  <testcase name="symbolsCodesTest[7]" classname="org.bitcoinj.utils.BtcFormatTest" time="0.001"/>
  <testcase name="defaultLocaleTest[7]" classname="org.bitcoinj.utils.BtcFormatTest" time="0"/>
  <testcase name="parsePositionTest[7]" classname="org.bitcoinj.utils.BtcFormatTest" time="0"/>
  <testcase name="argumentTypeTest[7]" classname="org.bitcoinj.utils.BtcFormatTest" time="0.001"/>
  <testcase name="characterIteratorTest[7]" classname="org.bitcoinj.utils.BtcFormatTest" time="0.001"/>
  <testcase name="repeatingPlaceTest[7]" classname="org.bitcoinj.utils.BtcFormatTest" time="0.001"/>
  <testcase name="currencyCodeTest[7]" classname="org.bitcoinj.utils.BtcFormatTest" time="0"/>
  <testcase name="patternDecimalPlaces[7]" classname="org.bitcoinj.utils.BtcFormatTest" time="0"/>
  <testcase name="factoryArgumentsTest[8]" classname="org.bitcoinj.utils.BtcFormatTest" time="0.002"/>
  <testcase name="parseTest[8]" classname="org.bitcoinj.utils.BtcFormatTest" time="0.004"/>
  <testcase name="microcoinScaleTest[8]" classname="org.bitcoinj.utils.BtcFormatTest" time="0"/>
  <testcase name="parseMetricTest[8]" classname="org.bitcoinj.utils.BtcFormatTest" time="0.002"/>
  <testcase name="coinScaleTest[8]" classname="org.bitcoinj.utils.BtcFormatTest" time="0"/>
  <testcase name="builderTest[8]" classname="org.bitcoinj.utils.BtcFormatTest" time="0.004"/>
  <testcase name="attributeTest[8]" classname="org.bitcoinj.utils.BtcFormatTest" time="0.001"/>
  <testcase name="prefixTest[8]" classname="org.bitcoinj.utils.BtcFormatTest" time="0"/>
  <testcase name="suffixTest[8]" classname="org.bitcoinj.utils.BtcFormatTest" time="0"/>
  <testcase name="autoDecimalTest[8]" classname="org.bitcoinj.utils.BtcFormatTest" time="0.002"/>
  <testcase name="symbolCollisionTest[8]" classname="org.bitcoinj.utils.BtcFormatTest" time="0.002"/>
  <testcase name="equalityTest[8]" classname="org.bitcoinj.utils.BtcFormatTest" time="0.004"/>
  <testcase name="columnAlignmentTest[8]" classname="org.bitcoinj.utils.BtcFormatTest" time="0"/>
  <testcase name="factoryTest[8]" classname="org.bitcoinj.utils.BtcFormatTest" time="0.001"/>
  <testcase name="parse[8]" classname="org.bitcoinj.utils.BtcFormatTest" time="0"/>
  <testcase name="btcRounding[8]" classname="org.bitcoinj.utils.BtcFormatTest" time="0.002"/>
  <testcase name="negativeTest[8]" classname="org.bitcoinj.utils.BtcFormatTest" time="0.001"/>
  <testcase name="millicoinScaleTest[8]" classname="org.bitcoinj.utils.BtcFormatTest" time="0"/>
  <testcase name="toStringTest[8]" classname="org.bitcoinj.utils.BtcFormatTest" time="0.001"/>
  <testcase name="testGrouping[8]" classname="org.bitcoinj.utils.BtcFormatTest" time="0"/>
  <testcase name="symbolsCodesTest[8]" classname="org.bitcoinj.utils.BtcFormatTest" time="0.001"/>
  <testcase name="defaultLocaleTest[8]" classname="org.bitcoinj.utils.BtcFormatTest" time="0"/>
  <testcase name="parsePositionTest[8]" classname="org.bitcoinj.utils.BtcFormatTest" time="0.001"/>
  <testcase name="argumentTypeTest[8]" classname="org.bitcoinj.utils.BtcFormatTest" time="0.001"/>
  <testcase name="characterIteratorTest[8]" classname="org.bitcoinj.utils.BtcFormatTest" time="0.001"/>
  <testcase name="repeatingPlaceTest[8]" classname="org.bitcoinj.utils.BtcFormatTest" time="0"/>
  <testcase name="currencyCodeTest[8]" classname="org.bitcoinj.utils.BtcFormatTest" time="0.001"/>
  <testcase name="patternDecimalPlaces[8]" classname="org.bitcoinj.utils.BtcFormatTest" time="0"/>
  <testcase name="factoryArgumentsTest[9]" classname="org.bitcoinj.utils.BtcFormatTest" time="0.002"/>
  <testcase name="parseTest[9]" classname="org.bitcoinj.utils.BtcFormatTest" time="0.004"/>
  <testcase name="microcoinScaleTest[9]" classname="org.bitcoinj.utils.BtcFormatTest" time="0"/>
  <testcase name="parseMetricTest[9]" classname="org.bitcoinj.utils.BtcFormatTest" time="0.002"/>
  <testcase name="coinScaleTest[9]" classname="org.bitcoinj.utils.BtcFormatTest" time="0"/>
  <testcase name="builderTest[9]" classname="org.bitcoinj.utils.BtcFormatTest" time="0.004"/>
  <testcase name="attributeTest[9]" classname="org.bitcoinj.utils.BtcFormatTest" time="0"/>
  <testcase name="prefixTest[9]" classname="org.bitcoinj.utils.BtcFormatTest" time="0"/>
  <testcase name="suffixTest[9]" classname="org.bitcoinj.utils.BtcFormatTest" time="0.001"/>
  <testcase name="autoDecimalTest[9]" classname="org.bitcoinj.utils.BtcFormatTest" time="0.002"/>
  <testcase name="symbolCollisionTest[9]" classname="org.bitcoinj.utils.BtcFormatTest" time="0.002"/>
  <testcase name="equalityTest[9]" classname="org.bitcoinj.utils.BtcFormatTest" time="0.003"/>
  <testcase name="columnAlignmentTest[9]" classname="org.bitcoinj.utils.BtcFormatTest" time="0.001"/>
  <testcase name="factoryTest[9]" classname="org.bitcoinj.utils.BtcFormatTest" time="0"/>
  <testcase name="parse[9]" classname="org.bitcoinj.utils.BtcFormatTest" time="0"/>
  <testcase name="btcRounding[9]" classname="org.bitcoinj.utils.BtcFormatTest" time="0.003"/>
  <testcase name="negativeTest[9]" classname="org.bitcoinj.utils.BtcFormatTest" time="0.001"/>
  <testcase name="millicoinScaleTest[9]" classname="org.bitcoinj.utils.BtcFormatTest" time="0"/>
  <testcase name="toStringTest[9]" classname="org.bitcoinj.utils.BtcFormatTest" time="0.001"/>
  <testcase name="testGrouping[9]" classname="org.bitcoinj.utils.BtcFormatTest" time="0.001"/>
  <testcase name="symbolsCodesTest[9]" classname="org.bitcoinj.utils.BtcFormatTest" time="0.001"/>
  <testcase name="defaultLocaleTest[9]" classname="org.bitcoinj.utils.BtcFormatTest" time="0"/>
  <testcase name="parsePositionTest[9]" classname="org.bitcoinj.utils.BtcFormatTest" time="0"/>
  <testcase name="argumentTypeTest[9]" classname="org.bitcoinj.utils.BtcFormatTest" time="0.001"/>
  <testcase name="characterIteratorTest[9]" classname="org.bitcoinj.utils.BtcFormatTest" time="0.001"/>
  <testcase name="repeatingPlaceTest[9]" classname="org.bitcoinj.utils.BtcFormatTest" time="0"/>
  <testcase name="currencyCodeTest[9]" classname="org.bitcoinj.utils.BtcFormatTest" time="0"/>
  <testcase name="patternDecimalPlaces[9]" classname="org.bitcoinj.utils.BtcFormatTest" time="0.001"/>
  <testcase name="factoryArgumentsTest[10]" classname="org.bitcoinj.utils.BtcFormatTest" time="0.002"/>
  <testcase name="parseTest[10]" classname="org.bitcoinj.utils.BtcFormatTest" time="0.003"/>
  <testcase name="microcoinScaleTest[10]" classname="org.bitcoinj.utils.BtcFormatTest" time="0.001"/>
  <testcase name="parseMetricTest[10]" classname="org.bitcoinj.utils.BtcFormatTest" time="0.002"/>
  <testcase name="coinScaleTest[10]" classname="org.bitcoinj.utils.BtcFormatTest" time="0"/>
  <testcase name="builderTest[10]" classname="org.bitcoinj.utils.BtcFormatTest" time="0.004"/>
  <testcase name="attributeTest[10]" classname="org.bitcoinj.utils.BtcFormatTest" time="0"/>
  <testcase name="prefixTest[10]" classname="org.bitcoinj.utils.BtcFormatTest" time="0"/>
  <testcase name="suffixTest[10]" classname="org.bitcoinj.utils.BtcFormatTest" time="0"/>
  <testcase name="autoDecimalTest[10]" classname="org.bitcoinj.utils.BtcFormatTest" time="0.002"/>
  <testcase name="symbolCollisionTest[10]" classname="org.bitcoinj.utils.BtcFormatTest" time="0.002"/>
  <testcase name="equalityTest[10]" classname="org.bitcoinj.utils.BtcFormatTest" time="0.003"/>
  <testcase name="columnAlignmentTest[10]" classname="org.bitcoinj.utils.BtcFormatTest" time="0.001"/>
  <testcase name="factoryTest[10]" classname="org.bitcoinj.utils.BtcFormatTest" time="0"/>
  <testcase name="parse[10]" classname="org.bitcoinj.utils.BtcFormatTest" time="0.001"/>
  <testcase name="btcRounding[10]" classname="org.bitcoinj.utils.BtcFormatTest" time="0.002"/>
  <testcase name="negativeTest[10]" classname="org.bitcoinj.utils.BtcFormatTest" time="0.001"/>
  <testcase name="millicoinScaleTest[10]" classname="org.bitcoinj.utils.BtcFormatTest" time="0"/>
  <testcase name="toStringTest[10]" classname="org.bitcoinj.utils.BtcFormatTest" time="0.001"/>
  <testcase name="testGrouping[10]" classname="org.bitcoinj.utils.BtcFormatTest" time="0.001"/>
  <testcase name="symbolsCodesTest[10]" classname="org.bitcoinj.utils.BtcFormatTest" time="0"/>
  <testcase name="defaultLocaleTest[10]" classname="org.bitcoinj.utils.BtcFormatTest" time="0.001"/>
  <testcase name="parsePositionTest[10]" classname="org.bitcoinj.utils.BtcFormatTest" time="0"/>
  <testcase name="argumentTypeTest[10]" classname="org.bitcoinj.utils.BtcFormatTest" time="0.001"/>
  <testcase name="characterIteratorTest[10]" classname="org.bitcoinj.utils.BtcFormatTest" time="0.001"/>
  <testcase name="repeatingPlaceTest[10]" classname="org.bitcoinj.utils.BtcFormatTest" time="0.001"/>
  <testcase name="currencyCodeTest[10]" classname="org.bitcoinj.utils.BtcFormatTest" time="0"/>
  <testcase name="patternDecimalPlaces[10]" classname="org.bitcoinj.utils.BtcFormatTest" time="0"/>
  <testcase name="factoryArgumentsTest[11]" classname="org.bitcoinj.utils.BtcFormatTest" time="0.002"/>
  <testcase name="parseTest[11]" classname="org.bitcoinj.utils.BtcFormatTest" time="0.004"/>
  <testcase name="microcoinScaleTest[11]" classname="org.bitcoinj.utils.BtcFormatTest" time="0"/>
  <testcase name="parseMetricTest[11]" classname="org.bitcoinj.utils.BtcFormatTest" time="0.002"/>
  <testcase name="coinScaleTest[11]" classname="org.bitcoinj.utils.BtcFormatTest" time="0"/>
  <testcase name="builderTest[11]" classname="org.bitcoinj.utils.BtcFormatTest" time="0.029"/>
  <testcase name="attributeTest[11]" classname="org.bitcoinj.utils.BtcFormatTest" time="0"/>
  <testcase name="prefixTest[11]" classname="org.bitcoinj.utils.BtcFormatTest" time="0.001"/>
  <testcase name="suffixTest[11]" classname="org.bitcoinj.utils.BtcFormatTest" time="0"/>
  <testcase name="autoDecimalTest[11]" classname="org.bitcoinj.utils.BtcFormatTest" time="0.002"/>
  <testcase name="symbolCollisionTest[11]" classname="org.bitcoinj.utils.BtcFormatTest" time="0.002"/>
  <testcase name="equalityTest[11]" classname="org.bitcoinj.utils.BtcFormatTest" time="0.003"/>
  <testcase name="columnAlignmentTest[11]" classname="org.bitcoinj.utils.BtcFormatTest" time="0"/>
  <testcase name="factoryTest[11]" classname="org.bitcoinj.utils.BtcFormatTest" time="0.001"/>
  <testcase name="parse[11]" classname="org.bitcoinj.utils.BtcFormatTest" time="0"/>
  <testcase name="btcRounding[11]" classname="org.bitcoinj.utils.BtcFormatTest" time="0.003"/>
  <testcase name="negativeTest[11]" classname="org.bitcoinj.utils.BtcFormatTest" time="0"/>
  <testcase name="millicoinScaleTest[11]" classname="org.bitcoinj.utils.BtcFormatTest" time="0"/>
  <testcase name="toStringTest[11]" classname="org.bitcoinj.utils.BtcFormatTest" time="0.002"/>
  <testcase name="testGrouping[11]" classname="org.bitcoinj.utils.BtcFormatTest" time="0"/>
  <testcase name="symbolsCodesTest[11]" classname="org.bitcoinj.utils.BtcFormatTest" time="0.001"/>
  <testcase name="defaultLocaleTest[11]" classname="org.bitcoinj.utils.BtcFormatTest" time="0"/>
  <testcase name="parsePositionTest[11]" classname="org.bitcoinj.utils.BtcFormatTest" time="0.001"/>
  <testcase name="argumentTypeTest[11]" classname="org.bitcoinj.utils.BtcFormatTest" time="0.001"/>
  <testcase name="characterIteratorTest[11]" classname="org.bitcoinj.utils.BtcFormatTest" time="0.001"/>
  <testcase name="repeatingPlaceTest[11]" classname="org.bitcoinj.utils.BtcFormatTest" time="0"/>
  <testcase name="currencyCodeTest[11]" classname="org.bitcoinj.utils.BtcFormatTest" time="0.001"/>
  <testcase name="patternDecimalPlaces[11]" classname="org.bitcoinj.utils.BtcFormatTest" time="0"/>
  <testcase name="factoryArgumentsTest[12]" classname="org.bitcoinj.utils.BtcFormatTest" time="0.002"/>
  <testcase name="parseTest[12]" classname="org.bitcoinj.utils.BtcFormatTest" time="0.004"/>
  <testcase name="microcoinScaleTest[12]" classname="org.bitcoinj.utils.BtcFormatTest" time="0"/>
  <testcase name="parseMetricTest[12]" classname="org.bitcoinj.utils.BtcFormatTest" time="0.002"/>
  <testcase name="coinScaleTest[12]" classname="org.bitcoinj.utils.BtcFormatTest" time="0"/>
  <testcase name="builderTest[12]" classname="org.bitcoinj.utils.BtcFormatTest" time="0.003"/>
  <testcase name="attributeTest[12]" classname="org.bitcoinj.utils.BtcFormatTest" time="0.001"/>
  <testcase name="prefixTest[12]" classname="org.bitcoinj.utils.BtcFormatTest" time="0"/>
  <testcase name="suffixTest[12]" classname="org.bitcoinj.utils.BtcFormatTest" time="0"/>
  <testcase name="autoDecimalTest[12]" classname="org.bitcoinj.utils.BtcFormatTest" time="0.002"/>
  <testcase name="symbolCollisionTest[12]" classname="org.bitcoinj.utils.BtcFormatTest" time="0.002"/>
  <testcase name="equalityTest[12]" classname="org.bitcoinj.utils.BtcFormatTest" time="0.003"/>
  <testcase name="columnAlignmentTest[12]" classname="org.bitcoinj.utils.BtcFormatTest" time="0.001"/>
  <testcase name="factoryTest[12]" classname="org.bitcoinj.utils.BtcFormatTest" time="0"/>
  <testcase name="parse[12]" classname="org.bitcoinj.utils.BtcFormatTest" time="0"/>
  <testcase name="btcRounding[12]" classname="org.bitcoinj.utils.BtcFormatTest" time="0.003"/>
  <testcase name="negativeTest[12]" classname="org.bitcoinj.utils.BtcFormatTest" time="0"/>
  <testcase name="millicoinScaleTest[12]" classname="org.bitcoinj.utils.BtcFormatTest" time="0"/>
  <testcase name="toStringTest[12]" classname="org.bitcoinj.utils.BtcFormatTest" time="0.002"/>
  <testcase name="testGrouping[12]" classname="org.bitcoinj.utils.BtcFormatTest" time="0"/>
  <testcase name="symbolsCodesTest[12]" classname="org.bitcoinj.utils.BtcFormatTest" time="0.001"/>
  <testcase name="defaultLocaleTest[12]" classname="org.bitcoinj.utils.BtcFormatTest" time="0"/>
  <testcase name="parsePositionTest[12]" classname="org.bitcoinj.utils.BtcFormatTest" time="0.001"/>
  <testcase name="argumentTypeTest[12]" classname="org.bitcoinj.utils.BtcFormatTest" time="0.001"/>
  <testcase name="characterIteratorTest[12]" classname="org.bitcoinj.utils.BtcFormatTest" time="0.001"/>
  <testcase name="repeatingPlaceTest[12]" classname="org.bitcoinj.utils.BtcFormatTest" time="0.001"/>
  <testcase name="currencyCodeTest[12]" classname="org.bitcoinj.utils.BtcFormatTest" time="0"/>
  <testcase name="patternDecimalPlaces[12]" classname="org.bitcoinj.utils.BtcFormatTest" time="0"/>
  <testcase name="factoryArgumentsTest[13]" classname="org.bitcoinj.utils.BtcFormatTest" time="0.002"/>
  <testcase name="parseTest[13]" classname="org.bitcoinj.utils.BtcFormatTest" time="0.004"/>
  <testcase name="microcoinScaleTest[13]" classname="org.bitcoinj.utils.BtcFormatTest" time="0"/>
  <testcase name="parseMetricTest[13]" classname="org.bitcoinj.utils.BtcFormatTest" time="0.002"/>
  <testcase name="coinScaleTest[13]" classname="org.bitcoinj.utils.BtcFormatTest" time="0"/>
  <testcase name="builderTest[13]" classname="org.bitcoinj.utils.BtcFormatTest" time="0.003"/>
  <testcase name="attributeTest[13]" classname="org.bitcoinj.utils.BtcFormatTest" time="0.001"/>
  <testcase name="prefixTest[13]" classname="org.bitcoinj.utils.BtcFormatTest" time="0"/>
  <testcase name="suffixTest[13]" classname="org.bitcoinj.utils.BtcFormatTest" time="0"/>
  <testcase name="autoDecimalTest[13]" classname="org.bitcoinj.utils.BtcFormatTest" time="0.004"/>
  <testcase name="symbolCollisionTest[13]" classname="org.bitcoinj.utils.BtcFormatTest" time="0"/>
  <testcase name="equalityTest[13]" classname="org.bitcoinj.utils.BtcFormatTest" time="0.004"/>
  <testcase name="columnAlignmentTest[13]" classname="org.bitcoinj.utils.BtcFormatTest" time="0"/>
  <testcase name="factoryTest[13]" classname="org.bitcoinj.utils.BtcFormatTest" time="0.001"/>
  <testcase name="parse[13]" classname="org.bitcoinj.utils.BtcFormatTest" time="0"/>
  <testcase name="btcRounding[13]" classname="org.bitcoinj.utils.BtcFormatTest" time="0.002"/>
  <testcase name="negativeTest[13]" classname="org.bitcoinj.utils.BtcFormatTest" time="0.001"/>
  <testcase name="millicoinScaleTest[13]" classname="org.bitcoinj.utils.BtcFormatTest" time="0.001"/>
  <testcase name="toStringTest[13]" classname="org.bitcoinj.utils.BtcFormatTest" time="0.001"/>
  <testcase name="testGrouping[13]" classname="org.bitcoinj.utils.BtcFormatTest" time="0.001"/>
  <testcase name="symbolsCodesTest[13]" classname="org.bitcoinj.utils.BtcFormatTest" time="0.001"/>
  <testcase name="defaultLocaleTest[13]" classname="org.bitcoinj.utils.BtcFormatTest" time="0"/>
  <testcase name="parsePositionTest[13]" classname="org.bitcoinj.utils.BtcFormatTest" time="0.001"/>
  <testcase name="argumentTypeTest[13]" classname="org.bitcoinj.utils.BtcFormatTest" time="0.001"/>
  <testcase name="characterIteratorTest[13]" classname="org.bitcoinj.utils.BtcFormatTest" time="0.001"/>
  <testcase name="repeatingPlaceTest[13]" classname="org.bitcoinj.utils.BtcFormatTest" time="0.001"/>
  <testcase name="currencyCodeTest[13]" classname="org.bitcoinj.utils.BtcFormatTest" time="0"/>
  <testcase name="patternDecimalPlaces[13]" classname="org.bitcoinj.utils.BtcFormatTest" time="0.001"/>
  <testcase name="factoryArgumentsTest[14]" classname="org.bitcoinj.utils.BtcFormatTest" time="0.002"/>
  <testcase name="parseTest[14]" classname="org.bitcoinj.utils.BtcFormatTest" time="0.004"/>
  <testcase name="microcoinScaleTest[14]" classname="org.bitcoinj.utils.BtcFormatTest" time="0"/>
  <testcase name="parseMetricTest[14]" classname="org.bitcoinj.utils.BtcFormatTest" time="0.002"/>
  <testcase name="coinScaleTest[14]" classname="org.bitcoinj.utils.BtcFormatTest" time="0"/>
  <testcase name="builderTest[14]" classname="org.bitcoinj.utils.BtcFormatTest" time="0.004"/>
  <testcase name="attributeTest[14]" classname="org.bitcoinj.utils.BtcFormatTest" time="0.001"/>
  <testcase name="prefixTest[14]" classname="org.bitcoinj.utils.BtcFormatTest" time="0"/>
  <testcase name="suffixTest[14]" classname="org.bitcoinj.utils.BtcFormatTest" time="0.001"/>
  <testcase name="autoDecimalTest[14]" classname="org.bitcoinj.utils.BtcFormatTest" time="0.002"/>
  <testcase name="symbolCollisionTest[14]" classname="org.bitcoinj.utils.BtcFormatTest" time="0.002"/>
  <testcase name="equalityTest[14]" classname="org.bitcoinj.utils.BtcFormatTest" time="0.003"/>
  <testcase name="columnAlignmentTest[14]" classname="org.bitcoinj.utils.BtcFormatTest" time="0.001"/>
  <testcase name="factoryTest[14]" classname="org.bitcoinj.utils.BtcFormatTest" time="0"/>
  <testcase name="parse[14]" classname="org.bitcoinj.utils.BtcFormatTest" time="0.001"/>
  <testcase name="btcRounding[14]" classname="org.bitcoinj.utils.BtcFormatTest" time="0.002"/>
  <testcase name="negativeTest[14]" classname="org.bitcoinj.utils.BtcFormatTest" time="0.001"/>
  <testcase name="millicoinScaleTest[14]" classname="org.bitcoinj.utils.BtcFormatTest" time="0"/>
  <testcase name="toStringTest[14]" classname="org.bitcoinj.utils.BtcFormatTest" time="0.002"/>
  <testcase name="testGrouping[14]" classname="org.bitcoinj.utils.BtcFormatTest" time="0"/>
  <testcase name="symbolsCodesTest[14]" classname="org.bitcoinj.utils.BtcFormatTest" time="0.001"/>
  <testcase name="defaultLocaleTest[14]" classname="org.bitcoinj.utils.BtcFormatTest" time="0"/>
  <testcase name="parsePositionTest[14]" classname="org.bitcoinj.utils.BtcFormatTest" time="0.001"/>
  <testcase name="argumentTypeTest[14]" classname="org.bitcoinj.utils.BtcFormatTest" time="0.001"/>
  <testcase name="characterIteratorTest[14]" classname="org.bitcoinj.utils.BtcFormatTest" time="0.009"/>
  <testcase name="repeatingPlaceTest[14]" classname="org.bitcoinj.utils.BtcFormatTest" time="0"/>
  <testcase name="currencyCodeTest[14]" classname="org.bitcoinj.utils.BtcFormatTest" time="0"/>
  <testcase name="patternDecimalPlaces[14]" classname="org.bitcoinj.utils.BtcFormatTest" time="0"/>
  <testcase name="factoryArgumentsTest[15]" classname="org.bitcoinj.utils.BtcFormatTest" time="0"/>
  <testcase name="parseTest[15]" classname="org.bitcoinj.utils.BtcFormatTest" time="0.006"/>
  <testcase name="microcoinScaleTest[15]" classname="org.bitcoinj.utils.BtcFormatTest" time="0"/>
  <testcase name="parseMetricTest[15]" classname="org.bitcoinj.utils.BtcFormatTest" time="0.002"/>
  <testcase name="coinScaleTest[15]" classname="org.bitcoinj.utils.BtcFormatTest" time="0.001"/>
  <testcase name="builderTest[15]" classname="org.bitcoinj.utils.BtcFormatTest" time="0.003"/>
  <testcase name="attributeTest[15]" classname="org.bitcoinj.utils.BtcFormatTest" time="0.001"/>
  <testcase name="prefixTest[15]" classname="org.bitcoinj.utils.BtcFormatTest" time="0.001"/>
  <testcase name="suffixTest[15]" classname="org.bitcoinj.utils.BtcFormatTest" time="0"/>
  <testcase name="autoDecimalTest[15]" classname="org.bitcoinj.utils.BtcFormatTest" time="0.002"/>
  <testcase name="symbolCollisionTest[15]" classname="org.bitcoinj.utils.BtcFormatTest" time="0.002"/>
  <testcase name="equalityTest[15]" classname="org.bitcoinj.utils.BtcFormatTest" time="0.004"/>
  <testcase name="columnAlignmentTest[15]" classname="org.bitcoinj.utils.BtcFormatTest" time="0.001"/>
  <testcase name="factoryTest[15]" classname="org.bitcoinj.utils.BtcFormatTest" time="0"/>
  <testcase name="parse[15]" classname="org.bitcoinj.utils.BtcFormatTest" time="0.001"/>
  <testcase name="btcRounding[15]" classname="org.bitcoinj.utils.BtcFormatTest" time="0.003"/>
  <testcase name="negativeTest[15]" classname="org.bitcoinj.utils.BtcFormatTest" time="0.001"/>
  <testcase name="millicoinScaleTest[15]" classname="org.bitcoinj.utils.BtcFormatTest" time="0"/>
  <testcase name="toStringTest[15]" classname="org.bitcoinj.utils.BtcFormatTest" time="0.002"/>
  <testcase name="testGrouping[15]" classname="org.bitcoinj.utils.BtcFormatTest" time="0"/>
  <testcase name="symbolsCodesTest[15]" classname="org.bitcoinj.utils.BtcFormatTest" time="0.002"/>
  <testcase name="defaultLocaleTest[15]" classname="org.bitcoinj.utils.BtcFormatTest" time="0"/>
  <testcase name="parsePositionTest[15]" classname="org.bitcoinj.utils.BtcFormatTest" time="0.001"/>
  <testcase name="argumentTypeTest[15]" classname="org.bitcoinj.utils.BtcFormatTest" time="0.001"/>
  <testcase name="characterIteratorTest[15]" classname="org.bitcoinj.utils.BtcFormatTest" time="0.001"/>
  <testcase name="repeatingPlaceTest[15]" classname="org.bitcoinj.utils.BtcFormatTest" time="0.001"/>
  <testcase name="currencyCodeTest[15]" classname="org.bitcoinj.utils.BtcFormatTest" time="0.001"/>
  <testcase name="patternDecimalPlaces[15]" classname="org.bitcoinj.utils.BtcFormatTest" time="0.001"/>
  <testcase name="factoryArgumentsTest[16]" classname="org.bitcoinj.utils.BtcFormatTest" time="0.002"/>
  <testcase name="parseTest[16]" classname="org.bitcoinj.utils.BtcFormatTest" time="0.003"/>
  <testcase name="microcoinScaleTest[16]" classname="org.bitcoinj.utils.BtcFormatTest" time="0"/>
  <testcase name="parseMetricTest[16]" classname="org.bitcoinj.utils.BtcFormatTest" time="0.002"/>
  <testcase name="coinScaleTest[16]" classname="org.bitcoinj.utils.BtcFormatTest" time="0.001"/>
  <testcase name="builderTest[16]" classname="org.bitcoinj.utils.BtcFormatTest" time="0.003"/>
  <testcase name="attributeTest[16]" classname="org.bitcoinj.utils.BtcFormatTest" time="0"/>
  <testcase name="prefixTest[16]" classname="org.bitcoinj.utils.BtcFormatTest" time="0"/>
  <testcase name="suffixTest[16]" classname="org.bitcoinj.utils.BtcFormatTest" time="0.001"/>
  <testcase name="autoDecimalTest[16]" classname="org.bitcoinj.utils.BtcFormatTest" time="0.002"/>
  <testcase name="symbolCollisionTest[16]" classname="org.bitcoinj.utils.BtcFormatTest" time="0.001"/>
  <testcase name="equalityTest[16]" classname="org.bitcoinj.utils.BtcFormatTest" time="0.003"/>
  <testcase name="columnAlignmentTest[16]" classname="org.bitcoinj.utils.BtcFormatTest" time="0.001"/>
  <testcase name="factoryTest[16]" classname="org.bitcoinj.utils.BtcFormatTest" time="0"/>
  <testcase name="parse[16]" classname="org.bitcoinj.utils.BtcFormatTest" time="0"/>
  <testcase name="btcRounding[16]" classname="org.bitcoinj.utils.BtcFormatTest" time="0.003"/>
  <testcase name="negativeTest[16]" classname="org.bitcoinj.utils.BtcFormatTest" time="0"/>
  <testcase name="millicoinScaleTest[16]" classname="org.bitcoinj.utils.BtcFormatTest" time="0"/>
  <testcase name="toStringTest[16]" classname="org.bitcoinj.utils.BtcFormatTest" time="0.002"/>
  <testcase name="testGrouping[16]" classname="org.bitcoinj.utils.BtcFormatTest" time="0"/>
  <testcase name="symbolsCodesTest[16]" classname="org.bitcoinj.utils.BtcFormatTest" time="0.001"/>
  <testcase name="defaultLocaleTest[16]" classname="org.bitcoinj.utils.BtcFormatTest" time="0"/>
  <testcase name="parsePositionTest[16]" classname="org.bitcoinj.utils.BtcFormatTest" time="0.001"/>
  <testcase name="argumentTypeTest[16]" classname="org.bitcoinj.utils.BtcFormatTest" time="0.001"/>
  <testcase name="characterIteratorTest[16]" classname="org.bitcoinj.utils.BtcFormatTest" time="0.001"/>
  <testcase name="repeatingPlaceTest[16]" classname="org.bitcoinj.utils.BtcFormatTest" time="0"/>
  <testcase name="currencyCodeTest[16]" classname="org.bitcoinj.utils.BtcFormatTest" time="0"/>
  <testcase name="patternDecimalPlaces[16]" classname="org.bitcoinj.utils.BtcFormatTest" time="0.001"/>
  <testcase name="factoryArgumentsTest[17]" classname="org.bitcoinj.utils.BtcFormatTest" time="0.003"/>
  <testcase name="parseTest[17]" classname="org.bitcoinj.utils.BtcFormatTest" time="0.003"/>
  <testcase name="microcoinScaleTest[17]" classname="org.bitcoinj.utils.BtcFormatTest" time="0.001"/>
  <testcase name="parseMetricTest[17]" classname="org.bitcoinj.utils.BtcFormatTest" time="0.002"/>
  <testcase name="coinScaleTest[17]" classname="org.bitcoinj.utils.BtcFormatTest" time="0"/>
  <testcase name="builderTest[17]" classname="org.bitcoinj.utils.BtcFormatTest" time="0.003"/>
  <testcase name="attributeTest[17]" classname="org.bitcoinj.utils.BtcFormatTest" time="0"/>
  <testcase name="prefixTest[17]" classname="org.bitcoinj.utils.BtcFormatTest" time="0.001"/>
  <testcase name="suffixTest[17]" classname="org.bitcoinj.utils.BtcFormatTest" time="0"/>
  <testcase name="autoDecimalTest[17]" classname="org.bitcoinj.utils.BtcFormatTest" time="0.002"/>
  <testcase name="symbolCollisionTest[17]" classname="org.bitcoinj.utils.BtcFormatTest" time="0.001"/>
  <testcase name="equalityTest[17]" classname="org.bitcoinj.utils.BtcFormatTest" time="0.004"/>
  <testcase name="columnAlignmentTest[17]" classname="org.bitcoinj.utils.BtcFormatTest" time="0"/>
  <testcase name="factoryTest[17]" classname="org.bitcoinj.utils.BtcFormatTest" time="0.001"/>
  <testcase name="parse[17]" classname="org.bitcoinj.utils.BtcFormatTest" time="0"/>
  <testcase name="btcRounding[17]" classname="org.bitcoinj.utils.BtcFormatTest" time="0.002"/>
  <testcase name="negativeTest[17]" classname="org.bitcoinj.utils.BtcFormatTest" time="0.001"/>
  <testcase name="millicoinScaleTest[17]" classname="org.bitcoinj.utils.BtcFormatTest" time="0"/>
  <testcase name="toStringTest[17]" classname="org.bitcoinj.utils.BtcFormatTest" time="0.001"/>
  <testcase name="testGrouping[17]" classname="org.bitcoinj.utils.BtcFormatTest" time="0.001"/>
  <testcase name="symbolsCodesTest[17]" classname="org.bitcoinj.utils.BtcFormatTest" time="0"/>
  <testcase name="defaultLocaleTest[17]" classname="org.bitcoinj.utils.BtcFormatTest" time="0.001"/>
  <testcase name="parsePositionTest[17]" classname="org.bitcoinj.utils.BtcFormatTest" time="0"/>
  <testcase name="argumentTypeTest[17]" classname="org.bitcoinj.utils.BtcFormatTest" time="0.001"/>
  <testcase name="characterIteratorTest[17]" classname="org.bitcoinj.utils.BtcFormatTest" time="0.001"/>
  <testcase name="repeatingPlaceTest[17]" classname="org.bitcoinj.utils.BtcFormatTest" time="0"/>
  <testcase name="currencyCodeTest[17]" classname="org.bitcoinj.utils.BtcFormatTest" time="0.001"/>
  <testcase name="patternDecimalPlaces[17]" classname="org.bitcoinj.utils.BtcFormatTest" time="0"/>
  <testcase name="factoryArgumentsTest[18]" classname="org.bitcoinj.utils.BtcFormatTest" time="0.002"/>
  <testcase name="parseTest[18]" classname="org.bitcoinj.utils.BtcFormatTest" time="0.003"/>
  <testcase name="microcoinScaleTest[18]" classname="org.bitcoinj.utils.BtcFormatTest" time="0"/>
  <testcase name="parseMetricTest[18]" classname="org.bitcoinj.utils.BtcFormatTest" time="0.002"/>
  <testcase name="coinScaleTest[18]" classname="org.bitcoinj.utils.BtcFormatTest" time="0.001"/>
  <testcase name="builderTest[18]" classname="org.bitcoinj.utils.BtcFormatTest" time="0.003"/>
  <testcase name="attributeTest[18]" classname="org.bitcoinj.utils.BtcFormatTest" time="0"/>
  <testcase name="prefixTest[18]" classname="org.bitcoinj.utils.BtcFormatTest" time="0.001"/>
  <testcase name="suffixTest[18]" classname="org.bitcoinj.utils.BtcFormatTest" time="0"/>
  <testcase name="autoDecimalTest[18]" classname="org.bitcoinj.utils.BtcFormatTest" time="0.002"/>
  <testcase name="symbolCollisionTest[18]" classname="org.bitcoinj.utils.BtcFormatTest" time="0.001"/>
  <testcase name="equalityTest[18]" classname="org.bitcoinj.utils.BtcFormatTest" time="0.003"/>
  <testcase name="columnAlignmentTest[18]" classname="org.bitcoinj.utils.BtcFormatTest" time="0"/>
  <testcase name="factoryTest[18]" classname="org.bitcoinj.utils.BtcFormatTest" time="0"/>
  <testcase name="parse[18]" classname="org.bitcoinj.utils.BtcFormatTest" time="0.001"/>
  <testcase name="btcRounding[18]" classname="org.bitcoinj.utils.BtcFormatTest" time="0.002"/>
  <testcase name="negativeTest[18]" classname="org.bitcoinj.utils.BtcFormatTest" time="0.001"/>
  <testcase name="millicoinScaleTest[18]" classname="org.bitcoinj.utils.BtcFormatTest" time="0"/>
  <testcase name="toStringTest[18]" classname="org.bitcoinj.utils.BtcFormatTest" time="0.001"/>
  <testcase name="testGrouping[18]" classname="org.bitcoinj.utils.BtcFormatTest" time="0"/>
  <testcase name="symbolsCodesTest[18]" classname="org.bitcoinj.utils.BtcFormatTest" time="0"/>
  <testcase name="defaultLocaleTest[18]" classname="org.bitcoinj.utils.BtcFormatTest" time="0.001"/>
  <testcase name="parsePositionTest[18]" classname="org.bitcoinj.utils.BtcFormatTest" time="0"/>
  <testcase name="argumentTypeTest[18]" classname="org.bitcoinj.utils.BtcFormatTest" time="0.001"/>
  <testcase name="characterIteratorTest[18]" classname="org.bitcoinj.utils.BtcFormatTest" time="0.001"/>
  <testcase name="repeatingPlaceTest[18]" classname="org.bitcoinj.utils.BtcFormatTest" time="0.001"/>
  <testcase name="currencyCodeTest[18]" classname="org.bitcoinj.utils.BtcFormatTest" time="0"/>
  <testcase name="patternDecimalPlaces[18]" classname="org.bitcoinj.utils.BtcFormatTest" time="0"/>
  <testcase name="factoryArgumentsTest[19]" classname="org.bitcoinj.utils.BtcFormatTest" time="0.002"/>
  <testcase name="parseTest[19]" classname="org.bitcoinj.utils.BtcFormatTest" time="0.004"/>
  <testcase name="microcoinScaleTest[19]" classname="org.bitcoinj.utils.BtcFormatTest" time="0"/>
  <testcase name="parseMetricTest[19]" classname="org.bitcoinj.utils.BtcFormatTest" time="0.003"/>
  <testcase name="coinScaleTest[19]" classname="org.bitcoinj.utils.BtcFormatTest" time="0"/>
  <testcase name="builderTest[19]" classname="org.bitcoinj.utils.BtcFormatTest" time="0.004"/>
  <testcase name="attributeTest[19]" classname="org.bitcoinj.utils.BtcFormatTest" time="0"/>
  <testcase name="prefixTest[19]" classname="org.bitcoinj.utils.BtcFormatTest" time="0.001"/>
  <testcase name="suffixTest[19]" classname="org.bitcoinj.utils.BtcFormatTest" time="0"/>
  <testcase name="autoDecimalTest[19]" classname="org.bitcoinj.utils.BtcFormatTest" time="0.002"/>
  <testcase name="symbolCollisionTest[19]" classname="org.bitcoinj.utils.BtcFormatTest" time="0.002"/>
  <testcase name="equalityTest[19]" classname="org.bitcoinj.utils.BtcFormatTest" time="0.004"/>
  <testcase name="columnAlignmentTest[19]" classname="org.bitcoinj.utils.BtcFormatTest" time="0"/>
  <testcase name="factoryTest[19]" classname="org.bitcoinj.utils.BtcFormatTest" time="0.001"/>
  <testcase name="parse[19]" classname="org.bitcoinj.utils.BtcFormatTest" time="0"/>
  <testcase name="btcRounding[19]" classname="org.bitcoinj.utils.BtcFormatTest" time="0.002"/>
  <testcase name="negativeTest[19]" classname="org.bitcoinj.utils.BtcFormatTest" time="0.001"/>
  <testcase name="millicoinScaleTest[19]" classname="org.bitcoinj.utils.BtcFormatTest" time="0"/>
  <testcase name="toStringTest[19]" classname="org.bitcoinj.utils.BtcFormatTest" time="0.001"/>
  <testcase name="testGrouping[19]" classname="org.bitcoinj.utils.BtcFormatTest" time="0.001"/>
  <testcase name="symbolsCodesTest[19]" classname="org.bitcoinj.utils.BtcFormatTest" time="0.001"/>
  <testcase name="defaultLocaleTest[19]" classname="org.bitcoinj.utils.BtcFormatTest" time="0"/>
  <testcase name="parsePositionTest[19]" classname="org.bitcoinj.utils.BtcFormatTest" time="0"/>
  <testcase name="argumentTypeTest[19]" classname="org.bitcoinj.utils.BtcFormatTest" time="0.001"/>
  <testcase name="characterIteratorTest[19]" classname="org.bitcoinj.utils.BtcFormatTest" time="0.003"/>
  <testcase name="repeatingPlaceTest[19]" classname="org.bitcoinj.utils.BtcFormatTest" time="0"/>
  <testcase name="currencyCodeTest[19]" classname="org.bitcoinj.utils.BtcFormatTest" time="0"/>
  <testcase name="patternDecimalPlaces[19]" classname="org.bitcoinj.utils.BtcFormatTest" time="0"/>
  <testcase name="factoryArgumentsTest[20]" classname="org.bitcoinj.utils.BtcFormatTest" time="0.001"/>
  <testcase name="parseTest[20]" classname="org.bitcoinj.utils.BtcFormatTest" time="0.004"/>
  <testcase name="microcoinScaleTest[20]" classname="org.bitcoinj.utils.BtcFormatTest" time="0"/>
  <testcase name="parseMetricTest[20]" classname="org.bitcoinj.utils.BtcFormatTest" time="0.002"/>
  <testcase name="coinScaleTest[20]" classname="org.bitcoinj.utils.BtcFormatTest" time="0"/>
  <testcase name="builderTest[20]" classname="org.bitcoinj.utils.BtcFormatTest" time="0.003"/>
  <testcase name="attributeTest[20]" classname="org.bitcoinj.utils.BtcFormatTest" time="0.001"/>
  <testcase name="prefixTest[20]" classname="org.bitcoinj.utils.BtcFormatTest" time="0"/>
  <testcase name="suffixTest[20]" classname="org.bitcoinj.utils.BtcFormatTest" time="0.001"/>
  <testcase name="autoDecimalTest[20]" classname="org.bitcoinj.utils.BtcFormatTest" time="0.002"/>
  <testcase name="symbolCollisionTest[20]" classname="org.bitcoinj.utils.BtcFormatTest" time="0.001"/>
  <testcase name="equalityTest[20]" classname="org.bitcoinj.utils.BtcFormatTest" time="0.003"/>
  <testcase name="columnAlignmentTest[20]" classname="org.bitcoinj.utils.BtcFormatTest" time="0.001"/>
  <testcase name="factoryTest[20]" classname="org.bitcoinj.utils.BtcFormatTest" time="0"/>
  <testcase name="parse[20]" classname="org.bitcoinj.utils.BtcFormatTest" time="0"/>
  <testcase name="btcRounding[20]" classname="org.bitcoinj.utils.BtcFormatTest" time="0.003"/>
  <testcase name="negativeTest[20]" classname="org.bitcoinj.utils.BtcFormatTest" time="0"/>
  <testcase name="millicoinScaleTest[20]" classname="org.bitcoinj.utils.BtcFormatTest" time="0.001"/>
  <testcase name="toStringTest[20]" classname="org.bitcoinj.utils.BtcFormatTest" time="0.001"/>
  <testcase name="testGrouping[20]" classname="org.bitcoinj.utils.BtcFormatTest" time="0"/>
  <testcase name="symbolsCodesTest[20]" classname="org.bitcoinj.utils.BtcFormatTest" time="0.001"/>
  <testcase name="defaultLocaleTest[20]" classname="org.bitcoinj.utils.BtcFormatTest" time="0"/>
  <testcase name="parsePositionTest[20]" classname="org.bitcoinj.utils.BtcFormatTest" time="0.001"/>
  <testcase name="argumentTypeTest[20]" classname="org.bitcoinj.utils.BtcFormatTest" time="0.001"/>
  <testcase name="characterIteratorTest[20]" classname="org.bitcoinj.utils.BtcFormatTest" time="0.001"/>
  <testcase name="repeatingPlaceTest[20]" classname="org.bitcoinj.utils.BtcFormatTest" time="0"/>
  <testcase name="currencyCodeTest[20]" classname="org.bitcoinj.utils.BtcFormatTest" time="0"/>
  <testcase name="patternDecimalPlaces[20]" classname="org.bitcoinj.utils.BtcFormatTest" time="0.001"/>
  <testcase name="factoryArgumentsTest[21]" classname="org.bitcoinj.utils.BtcFormatTest" time="0.001"/>
  <testcase name="parseTest[21]" classname="org.bitcoinj.utils.BtcFormatTest" time="0.004"/>
  <testcase name="microcoinScaleTest[21]" classname="org.bitcoinj.utils.BtcFormatTest" time="0"/>
  <testcase name="parseMetricTest[21]" classname="org.bitcoinj.utils.BtcFormatTest" time="0.002"/>
  <testcase name="coinScaleTest[21]" classname="org.bitcoinj.utils.BtcFormatTest" time="0.001"/>
  <testcase name="builderTest[21]" classname="org.bitcoinj.utils.BtcFormatTest" time="0.003"/>
  <testcase name="attributeTest[21]" classname="org.bitcoinj.utils.BtcFormatTest" time="0"/>
  <testcase name="prefixTest[21]" classname="org.bitcoinj.utils.BtcFormatTest" time="0"/>
  <testcase name="suffixTest[21]" classname="org.bitcoinj.utils.BtcFormatTest" time="0.001"/>
  <testcase name="autoDecimalTest[21]" classname="org.bitcoinj.utils.BtcFormatTest" time="0.002"/>
  <testcase name="symbolCollisionTest[21]" classname="org.bitcoinj.utils.BtcFormatTest" time="0.001"/>
  <testcase name="equalityTest[21]" classname="org.bitcoinj.utils.BtcFormatTest" time="0.003"/>
  <testcase name="columnAlignmentTest[21]" classname="org.bitcoinj.utils.BtcFormatTest" time="0.001"/>
  <testcase name="factoryTest[21]" classname="org.bitcoinj.utils.BtcFormatTest" time="0"/>
  <testcase name="parse[21]" classname="org.bitcoinj.utils.BtcFormatTest" time="0"/>
  <testcase name="btcRounding[21]" classname="org.bitcoinj.utils.BtcFormatTest" time="0.003"/>
  <testcase name="negativeTest[21]" classname="org.bitcoinj.utils.BtcFormatTest" time="0"/>
  <testcase name="millicoinScaleTest[21]" classname="org.bitcoinj.utils.BtcFormatTest" time="0"/>
  <testcase name="toStringTest[21]" classname="org.bitcoinj.utils.BtcFormatTest" time="0.001"/>
  <testcase name="testGrouping[21]" classname="org.bitcoinj.utils.BtcFormatTest" time="0"/>
  <testcase name="symbolsCodesTest[21]" classname="org.bitcoinj.utils.BtcFormatTest" time="0.001"/>
  <testcase name="defaultLocaleTest[21]" classname="org.bitcoinj.utils.BtcFormatTest" time="0"/>
  <testcase name="parsePositionTest[21]" classname="org.bitcoinj.utils.BtcFormatTest" time="0.001"/>
  <testcase name="argumentTypeTest[21]" classname="org.bitcoinj.utils.BtcFormatTest" time="0.001"/>
  <testcase name="characterIteratorTest[21]" classname="org.bitcoinj.utils.BtcFormatTest" time="0.001"/>
  <testcase name="repeatingPlaceTest[21]" classname="org.bitcoinj.utils.BtcFormatTest" time="0"/>
  <testcase name="currencyCodeTest[21]" classname="org.bitcoinj.utils.BtcFormatTest" time="0"/>
  <testcase name="patternDecimalPlaces[21]" classname="org.bitcoinj.utils.BtcFormatTest" time="0"/>
  <testcase name="factoryArgumentsTest[22]" classname="org.bitcoinj.utils.BtcFormatTest" time="0.001"/>
  <testcase name="parseTest[22]" classname="org.bitcoinj.utils.BtcFormatTest" time="0.003"/>
  <testcase name="microcoinScaleTest[22]" classname="org.bitcoinj.utils.BtcFormatTest" time="0"/>
  <testcase name="parseMetricTest[22]" classname="org.bitcoinj.utils.BtcFormatTest" time="0.002"/>
  <testcase name="coinScaleTest[22]" classname="org.bitcoinj.utils.BtcFormatTest" time="0"/>
  <testcase name="builderTest[22]" classname="org.bitcoinj.utils.BtcFormatTest" time="0.003"/>
  <testcase name="attributeTest[22]" classname="org.bitcoinj.utils.BtcFormatTest" time="0.001"/>
  <testcase name="prefixTest[22]" classname="org.bitcoinj.utils.BtcFormatTest" time="0"/>
  <testcase name="suffixTest[22]" classname="org.bitcoinj.utils.BtcFormatTest" time="0.001"/>
  <testcase name="autoDecimalTest[22]" classname="org.bitcoinj.utils.BtcFormatTest" time="0.001"/>
  <testcase name="symbolCollisionTest[22]" classname="org.bitcoinj.utils.BtcFormatTest" time="0.002"/>
  <testcase name="equalityTest[22]" classname="org.bitcoinj.utils.BtcFormatTest" time="0.003"/>
  <testcase name="columnAlignmentTest[22]" classname="org.bitcoinj.utils.BtcFormatTest" time="0"/>
  <testcase name="factoryTest[22]" classname="org.bitcoinj.utils.BtcFormatTest" time="0.001"/>
  <testcase name="parse[22]" classname="org.bitcoinj.utils.BtcFormatTest" time="0"/>
  <testcase name="btcRounding[22]" classname="org.bitcoinj.utils.BtcFormatTest" time="0.002"/>
  <testcase name="negativeTest[22]" classname="org.bitcoinj.utils.BtcFormatTest" time="0.001"/>
  <testcase name="millicoinScaleTest[22]" classname="org.bitcoinj.utils.BtcFormatTest" time="0"/>
  <testcase name="toStringTest[22]" classname="org.bitcoinj.utils.BtcFormatTest" time="0.001"/>
  <testcase name="testGrouping[22]" classname="org.bitcoinj.utils.BtcFormatTest" time="0.001"/>
  <testcase name="symbolsCodesTest[22]" classname="org.bitcoinj.utils.BtcFormatTest" time="0"/>
  <testcase name="defaultLocaleTest[22]" classname="org.bitcoinj.utils.BtcFormatTest" time="0.002"/>
  <testcase name="parsePositionTest[22]" classname="org.bitcoinj.utils.BtcFormatTest" time="0"/>
  <testcase name="argumentTypeTest[22]" classname="org.bitcoinj.utils.BtcFormatTest" time="0"/>
  <testcase name="characterIteratorTest[22]" classname="org.bitcoinj.utils.BtcFormatTest" time="0.001"/>
  <testcase name="repeatingPlaceTest[22]" classname="org.bitcoinj.utils.BtcFormatTest" time="0"/>
  <testcase name="currencyCodeTest[22]" classname="org.bitcoinj.utils.BtcFormatTest" time="0"/>
  <testcase name="patternDecimalPlaces[22]" classname="org.bitcoinj.utils.BtcFormatTest" time="0"/>
  <testcase name="factoryArgumentsTest[23]" classname="org.bitcoinj.utils.BtcFormatTest" time="0.001"/>
  <testcase name="parseTest[23]" classname="org.bitcoinj.utils.BtcFormatTest" time="0.004"/>
  <testcase name="microcoinScaleTest[23]" classname="org.bitcoinj.utils.BtcFormatTest" time="0"/>
  <testcase name="parseMetricTest[23]" classname="org.bitcoinj.utils.BtcFormatTest" time="0.002"/>
  <testcase name="coinScaleTest[23]" classname="org.bitcoinj.utils.BtcFormatTest" time="0"/>
  <testcase name="builderTest[23]" classname="org.bitcoinj.utils.BtcFormatTest" time="0.003"/>
  <testcase name="attributeTest[23]" classname="org.bitcoinj.utils.BtcFormatTest" time="0"/>
  <testcase name="prefixTest[23]" classname="org.bitcoinj.utils.BtcFormatTest" time="0.001"/>
  <testcase name="suffixTest[23]" classname="org.bitcoinj.utils.BtcFormatTest" time="0"/>
  <testcase name="autoDecimalTest[23]" classname="org.bitcoinj.utils.BtcFormatTest" time="0.002"/>
  <testcase name="symbolCollisionTest[23]" classname="org.bitcoinj.utils.BtcFormatTest" time="0.001"/>
  <testcase name="equalityTest[23]" classname="org.bitcoinj.utils.BtcFormatTest" time="0.004"/>
  <testcase name="columnAlignmentTest[23]" classname="org.bitcoinj.utils.BtcFormatTest" time="0"/>
  <testcase name="factoryTest[23]" classname="org.bitcoinj.utils.BtcFormatTest" time="0"/>
  <testcase name="parse[23]" classname="org.bitcoinj.utils.BtcFormatTest" time="0.001"/>
  <testcase name="btcRounding[23]" classname="org.bitcoinj.utils.BtcFormatTest" time="0.002"/>
  <testcase name="negativeTest[23]" classname="org.bitcoinj.utils.BtcFormatTest" time="0.001"/>
  <testcase name="millicoinScaleTest[23]" classname="org.bitcoinj.utils.BtcFormatTest" time="0"/>
  <testcase name="toStringTest[23]" classname="org.bitcoinj.utils.BtcFormatTest" time="0.001"/>
  <testcase name="testGrouping[23]" classname="org.bitcoinj.utils.BtcFormatTest" time="0.001"/>
  <testcase name="symbolsCodesTest[23]" classname="org.bitcoinj.utils.BtcFormatTest" time="0"/>
  <testcase name="defaultLocaleTest[23]" classname="org.bitcoinj.utils.BtcFormatTest" time="0.001"/>
  <testcase name="parsePositionTest[23]" classname="org.bitcoinj.utils.BtcFormatTest" time="0"/>
  <testcase name="argumentTypeTest[23]" classname="org.bitcoinj.utils.BtcFormatTest" time="0.001"/>
  <testcase name="characterIteratorTest[23]" classname="org.bitcoinj.utils.BtcFormatTest" time="0.001"/>
  <testcase name="repeatingPlaceTest[23]" classname="org.bitcoinj.utils.BtcFormatTest" time="0"/>
  <testcase name="currencyCodeTest[23]" classname="org.bitcoinj.utils.BtcFormatTest" time="0.001"/>
  <testcase name="patternDecimalPlaces[23]" classname="org.bitcoinj.utils.BtcFormatTest" time="0"/>
  <testcase name="factoryArgumentsTest[24]" classname="org.bitcoinj.utils.BtcFormatTest" time="0.001"/>
  <testcase name="parseTest[24]" classname="org.bitcoinj.utils.BtcFormatTest" time="0.004"/>
  <testcase name="microcoinScaleTest[24]" classname="org.bitcoinj.utils.BtcFormatTest" time="0"/>
  <testcase name="parseMetricTest[24]" classname="org.bitcoinj.utils.BtcFormatTest" time="0.002"/>
  <testcase name="coinScaleTest[24]" classname="org.bitcoinj.utils.BtcFormatTest" time="0"/>
  <testcase name="builderTest[24]" classname="org.bitcoinj.utils.BtcFormatTest" time="0.003"/>
  <testcase name="attributeTest[24]" classname="org.bitcoinj.utils.BtcFormatTest" time="0"/>
  <testcase name="prefixTest[24]" classname="org.bitcoinj.utils.BtcFormatTest" time="0.001"/>
  <testcase name="suffixTest[24]" classname="org.bitcoinj.utils.BtcFormatTest" time="0"/>
  <testcase name="autoDecimalTest[24]" classname="org.bitcoinj.utils.BtcFormatTest" time="0.002"/>
  <testcase name="symbolCollisionTest[24]" classname="org.bitcoinj.utils.BtcFormatTest" time="0.001"/>
  <testcase name="equalityTest[24]" classname="org.bitcoinj.utils.BtcFormatTest" time="0.004"/>
  <testcase name="columnAlignmentTest[24]" classname="org.bitcoinj.utils.BtcFormatTest" time="0"/>
  <testcase name="factoryTest[24]" classname="org.bitcoinj.utils.BtcFormatTest" time="0"/>
  <testcase name="parse[24]" classname="org.bitcoinj.utils.BtcFormatTest" time="0"/>
  <testcase name="btcRounding[24]" classname="org.bitcoinj.utils.BtcFormatTest" time="0.002"/>
  <testcase name="negativeTest[24]" classname="org.bitcoinj.utils.BtcFormatTest" time="0.004"/>
  <testcase name="millicoinScaleTest[24]" classname="org.bitcoinj.utils.BtcFormatTest" time="0"/>
  <testcase name="toStringTest[24]" classname="org.bitcoinj.utils.BtcFormatTest" time="0"/>
  <testcase name="testGrouping[24]" classname="org.bitcoinj.utils.BtcFormatTest" time="0"/>
  <testcase name="symbolsCodesTest[24]" classname="org.bitcoinj.utils.BtcFormatTest" time="0"/>
  <testcase name="defaultLocaleTest[24]" classname="org.bitcoinj.utils.BtcFormatTest" time="0"/>
  <testcase name="parsePositionTest[24]" classname="org.bitcoinj.utils.BtcFormatTest" time="0"/>
  <testcase name="argumentTypeTest[24]" classname="org.bitcoinj.utils.BtcFormatTest" time="0.001"/>
  <testcase name="characterIteratorTest[24]" classname="org.bitcoinj.utils.BtcFormatTest" time="0.001"/>
  <testcase name="repeatingPlaceTest[24]" classname="org.bitcoinj.utils.BtcFormatTest" time="0"/>
  <testcase name="currencyCodeTest[24]" classname="org.bitcoinj.utils.BtcFormatTest" time="0"/>
  <testcase name="patternDecimalPlaces[24]" classname="org.bitcoinj.utils.BtcFormatTest" time="0.001"/>
  <testcase name="factoryArgumentsTest[25]" classname="org.bitcoinj.utils.BtcFormatTest" time="0.001"/>
  <testcase name="parseTest[25]" classname="org.bitcoinj.utils.BtcFormatTest" time="0.004"/>
  <testcase name="microcoinScaleTest[25]" classname="org.bitcoinj.utils.BtcFormatTest" time="0"/>
  <testcase name="parseMetricTest[25]" classname="org.bitcoinj.utils.BtcFormatTest" time="0.002"/>
  <testcase name="coinScaleTest[25]" classname="org.bitcoinj.utils.BtcFormatTest" time="0"/>
  <testcase name="builderTest[25]" classname="org.bitcoinj.utils.BtcFormatTest" time="0.003"/>
  <testcase name="attributeTest[25]" classname="org.bitcoinj.utils.BtcFormatTest" time="0"/>
  <testcase name="prefixTest[25]" classname="org.bitcoinj.utils.BtcFormatTest" time="0.001"/>
  <testcase name="suffixTest[25]" classname="org.bitcoinj.utils.BtcFormatTest" time="0"/>
  <testcase name="autoDecimalTest[25]" classname="org.bitcoinj.utils.BtcFormatTest" time="0.002"/>
  <testcase name="symbolCollisionTest[25]" classname="org.bitcoinj.utils.BtcFormatTest" time="0.001"/>
  <testcase name="equalityTest[25]" classname="org.bitcoinj.utils.BtcFormatTest" time="0.003"/>
  <testcase name="columnAlignmentTest[25]" classname="org.bitcoinj.utils.BtcFormatTest" time="0.001"/>
  <testcase name="factoryTest[25]" classname="org.bitcoinj.utils.BtcFormatTest" time="0"/>
  <testcase name="parse[25]" classname="org.bitcoinj.utils.BtcFormatTest" time="0"/>
  <testcase name="btcRounding[25]" classname="org.bitcoinj.utils.BtcFormatTest" time="0.002"/>
  <testcase name="negativeTest[25]" classname="org.bitcoinj.utils.BtcFormatTest" time="0.001"/>
  <testcase name="millicoinScaleTest[25]" classname="org.bitcoinj.utils.BtcFormatTest" time="0"/>
  <testcase name="toStringTest[25]" classname="org.bitcoinj.utils.BtcFormatTest" time="0.001"/>
  <testcase name="testGrouping[25]" classname="org.bitcoinj.utils.BtcFormatTest" time="0.001"/>
  <testcase name="symbolsCodesTest[25]" classname="org.bitcoinj.utils.BtcFormatTest" time="0.001"/>
  <testcase name="defaultLocaleTest[25]" classname="org.bitcoinj.utils.BtcFormatTest" time="0"/>
  <testcase name="parsePositionTest[25]" classname="org.bitcoinj.utils.BtcFormatTest" time="0"/>
  <testcase name="argumentTypeTest[25]" classname="org.bitcoinj.utils.BtcFormatTest" time="0.003"/>
  <testcase name="characterIteratorTest[25]" classname="org.bitcoinj.utils.BtcFormatTest" time="0"/>
  <testcase name="repeatingPlaceTest[25]" classname="org.bitcoinj.utils.BtcFormatTest" time="0"/>
  <testcase name="currencyCodeTest[25]" classname="org.bitcoinj.utils.BtcFormatTest" time="0"/>
  <testcase name="patternDecimalPlaces[25]" classname="org.bitcoinj.utils.BtcFormatTest" time="0"/>
  <testcase name="factoryArgumentsTest[26]" classname="org.bitcoinj.utils.BtcFormatTest" time="0.002"/>
  <testcase name="parseTest[26]" classname="org.bitcoinj.utils.BtcFormatTest" time="0.003"/>
  <testcase name="microcoinScaleTest[26]" classname="org.bitcoinj.utils.BtcFormatTest" time="0"/>
  <testcase name="parseMetricTest[26]" classname="org.bitcoinj.utils.BtcFormatTest" time="0.002"/>
  <testcase name="coinScaleTest[26]" classname="org.bitcoinj.utils.BtcFormatTest" time="0"/>
  <testcase name="builderTest[26]" classname="org.bitcoinj.utils.BtcFormatTest" time="0.003"/>
  <testcase name="attributeTest[26]" classname="org.bitcoinj.utils.BtcFormatTest" time="0.001"/>
  <testcase name="prefixTest[26]" classname="org.bitcoinj.utils.BtcFormatTest" time="0"/>
  <testcase name="suffixTest[26]" classname="org.bitcoinj.utils.BtcFormatTest" time="0.001"/>
  <testcase name="autoDecimalTest[26]" classname="org.bitcoinj.utils.BtcFormatTest" time="0.001"/>
  <testcase name="symbolCollisionTest[26]" classname="org.bitcoinj.utils.BtcFormatTest" time="0.002"/>
  <testcase name="equalityTest[26]" classname="org.bitcoinj.utils.BtcFormatTest" time="0.003"/>
  <testcase name="columnAlignmentTest[26]" classname="org.bitcoinj.utils.BtcFormatTest" time="0"/>
  <testcase name="factoryTest[26]" classname="org.bitcoinj.utils.BtcFormatTest" time="0"/>
  <testcase name="parse[26]" classname="org.bitcoinj.utils.BtcFormatTest" time="0.001"/>
  <testcase name="btcRounding[26]" classname="org.bitcoinj.utils.BtcFormatTest" time="0.002"/>
  <testcase name="negativeTest[26]" classname="org.bitcoinj.utils.BtcFormatTest" time="0"/>
  <testcase name="millicoinScaleTest[26]" classname="org.bitcoinj.utils.BtcFormatTest" time="0"/>
  <testcase name="toStringTest[26]" classname="org.bitcoinj.utils.BtcFormatTest" time="0.001"/>
  <testcase name="testGrouping[26]" classname="org.bitcoinj.utils.BtcFormatTest" time="0"/>
  <testcase name="symbolsCodesTest[26]" classname="org.bitcoinj.utils.BtcFormatTest" time="0.001"/>
  <testcase name="defaultLocaleTest[26]" classname="org.bitcoinj.utils.BtcFormatTest" time="0"/>
  <testcase name="parsePositionTest[26]" classname="org.bitcoinj.utils.BtcFormatTest" time="0"/>
  <testcase name="argumentTypeTest[26]" classname="org.bitcoinj.utils.BtcFormatTest" time="0.001"/>
  <testcase name="characterIteratorTest[26]" classname="org.bitcoinj.utils.BtcFormatTest" time="0.001"/>
  <testcase name="repeatingPlaceTest[26]" classname="org.bitcoinj.utils.BtcFormatTest" time="0"/>
  <testcase name="currencyCodeTest[26]" classname="org.bitcoinj.utils.BtcFormatTest" time="0.001"/>
  <testcase name="patternDecimalPlaces[26]" classname="org.bitcoinj.utils.BtcFormatTest" time="0"/>
  <testcase name="factoryArgumentsTest[27]" classname="org.bitcoinj.utils.BtcFormatTest" time="0.001"/>
  <testcase name="parseTest[27]" classname="org.bitcoinj.utils.BtcFormatTest" time="0.004"/>
  <testcase name="microcoinScaleTest[27]" classname="org.bitcoinj.utils.BtcFormatTest" time="0"/>
  <testcase name="parseMetricTest[27]" classname="org.bitcoinj.utils.BtcFormatTest" time="0.002"/>
  <testcase name="coinScaleTest[27]" classname="org.bitcoinj.utils.BtcFormatTest" time="0"/>
  <testcase name="builderTest[27]" classname="org.bitcoinj.utils.BtcFormatTest" time="0.003"/>
  <testcase name="attributeTest[27]" classname="org.bitcoinj.utils.BtcFormatTest" time="0"/>
  <testcase name="prefixTest[27]" classname="org.bitcoinj.utils.BtcFormatTest" time="0"/>
  <testcase name="suffixTest[27]" classname="org.bitcoinj.utils.BtcFormatTest" time="0.001"/>
  <testcase name="autoDecimalTest[27]" classname="org.bitcoinj.utils.BtcFormatTest" time="0.001"/>
  <testcase name="symbolCollisionTest[27]" classname="org.bitcoinj.utils.BtcFormatTest" time="0.002"/>
  <testcase name="equalityTest[27]" classname="org.bitcoinj.utils.BtcFormatTest" time="0.002"/>
  <testcase name="columnAlignmentTest[27]" classname="org.bitcoinj.utils.BtcFormatTest" time="0.001"/>
  <testcase name="factoryTest[27]" classname="org.bitcoinj.utils.BtcFormatTest" time="0"/>
  <testcase name="parse[27]" classname="org.bitcoinj.utils.BtcFormatTest" time="0.001"/>
  <testcase name="btcRounding[27]" classname="org.bitcoinj.utils.BtcFormatTest" time="0.001"/>
  <testcase name="negativeTest[27]" classname="org.bitcoinj.utils.BtcFormatTest" time="0.001"/>
  <testcase name="millicoinScaleTest[27]" classname="org.bitcoinj.utils.BtcFormatTest" time="0"/>
  <testcase name="toStringTest[27]" classname="org.bitcoinj.utils.BtcFormatTest" time="0.001"/>
  <testcase name="testGrouping[27]" classname="org.bitcoinj.utils.BtcFormatTest" time="0.001"/>
  <testcase name="symbolsCodesTest[27]" classname="org.bitcoinj.utils.BtcFormatTest" time="0"/>
  <testcase name="defaultLocaleTest[27]" classname="org.bitcoinj.utils.BtcFormatTest" time="0.001"/>
  <testcase name="parsePositionTest[27]" classname="org.bitcoinj.utils.BtcFormatTest" time="0"/>
  <testcase name="argumentTypeTest[27]" classname="org.bitcoinj.utils.BtcFormatTest" time="0.001"/>
  <testcase name="characterIteratorTest[27]" classname="org.bitcoinj.utils.BtcFormatTest" time="0.002"/>
  <testcase name="repeatingPlaceTest[27]" classname="org.bitcoinj.utils.BtcFormatTest" time="0"/>
  <testcase name="currencyCodeTest[27]" classname="org.bitcoinj.utils.BtcFormatTest" time="0"/>
  <testcase name="patternDecimalPlaces[27]" classname="org.bitcoinj.utils.BtcFormatTest" time="0"/>
  <testcase name="factoryArgumentsTest[28]" classname="org.bitcoinj.utils.BtcFormatTest" time="0.001"/>
  <testcase name="parseTest[28]" classname="org.bitcoinj.utils.BtcFormatTest" time="0.007"/>
  <testcase name="microcoinScaleTest[28]" classname="org.bitcoinj.utils.BtcFormatTest" time="0"/>
  <testcase name="parseMetricTest[28]" classname="org.bitcoinj.utils.BtcFormatTest" time="0"/>
  <testcase name="coinScaleTest[28]" classname="org.bitcoinj.utils.BtcFormatTest" time="0"/>
  <testcase name="builderTest[28]" classname="org.bitcoinj.utils.BtcFormatTest" time="0.003"/>
  <testcase name="attributeTest[28]" classname="org.bitcoinj.utils.BtcFormatTest" time="0"/>
  <testcase name="prefixTest[28]" classname="org.bitcoinj.utils.BtcFormatTest" time="0"/>
  <testcase name="suffixTest[28]" classname="org.bitcoinj.utils.BtcFormatTest" time="0.001"/>
  <testcase name="autoDecimalTest[28]" classname="org.bitcoinj.utils.BtcFormatTest" time="0.001"/>
  <testcase name="symbolCollisionTest[28]" classname="org.bitcoinj.utils.BtcFormatTest" time="0.001"/>
  <testcase name="equalityTest[28]" classname="org.bitcoinj.utils.BtcFormatTest" time="0.003"/>
  <testcase name="columnAlignmentTest[28]" classname="org.bitcoinj.utils.BtcFormatTest" time="0"/>
  <testcase name="factoryTest[28]" classname="org.bitcoinj.utils.BtcFormatTest" time="0.001"/>
  <testcase name="parse[28]" classname="org.bitcoinj.utils.BtcFormatTest" time="0"/>
  <testcase name="btcRounding[28]" classname="org.bitcoinj.utils.BtcFormatTest" time="0.002"/>
  <testcase name="negativeTest[28]" classname="org.bitcoinj.utils.BtcFormatTest" time="0.001"/>
  <testcase name="millicoinScaleTest[28]" classname="org.bitcoinj.utils.BtcFormatTest" time="0"/>
  <testcase name="toStringTest[28]" classname="org.bitcoinj.utils.BtcFormatTest" time="0.001"/>
  <testcase name="testGrouping[28]" classname="org.bitcoinj.utils.BtcFormatTest" time="0"/>
  <testcase name="symbolsCodesTest[28]" classname="org.bitcoinj.utils.BtcFormatTest" time="0.001"/>
  <testcase name="defaultLocaleTest[28]" classname="org.bitcoinj.utils.BtcFormatTest" time="0"/>
  <testcase name="parsePositionTest[28]" classname="org.bitcoinj.utils.BtcFormatTest" time="0.001"/>
  <testcase name="argumentTypeTest[28]" classname="org.bitcoinj.utils.BtcFormatTest" time="0.001"/>
  <testcase name="characterIteratorTest[28]" classname="org.bitcoinj.utils.BtcFormatTest" time="0"/>
  <testcase name="repeatingPlaceTest[28]" classname="org.bitcoinj.utils.BtcFormatTest" time="0.001"/>
  <testcase name="currencyCodeTest[28]" classname="org.bitcoinj.utils.BtcFormatTest" time="0"/>
  <testcase name="patternDecimalPlaces[28]" classname="org.bitcoinj.utils.BtcFormatTest" time="0"/>
  <testcase name="factoryArgumentsTest[29]" classname="org.bitcoinj.utils.BtcFormatTest" time="0.002"/>
  <testcase name="parseTest[29]" classname="org.bitcoinj.utils.BtcFormatTest" time="0.003"/>
  <testcase name="microcoinScaleTest[29]" classname="org.bitcoinj.utils.BtcFormatTest" time="0"/>
  <testcase name="parseMetricTest[29]" classname="org.bitcoinj.utils.BtcFormatTest" time="0.002"/>
  <testcase name="coinScaleTest[29]" classname="org.bitcoinj.utils.BtcFormatTest" time="0"/>
  <testcase name="builderTest[29]" classname="org.bitcoinj.utils.BtcFormatTest" time="0.003"/>
  <testcase name="attributeTest[29]" classname="org.bitcoinj.utils.BtcFormatTest" time="0"/>
  <testcase name="prefixTest[29]" classname="org.bitcoinj.utils.BtcFormatTest" time="0"/>
  <testcase name="suffixTest[29]" classname="org.bitcoinj.utils.BtcFormatTest" time="0.001"/>
  <testcase name="autoDecimalTest[29]" classname="org.bitcoinj.utils.BtcFormatTest" time="0.001"/>
  <testcase name="symbolCollisionTest[29]" classname="org.bitcoinj.utils.BtcFormatTest" time="0.002"/>
  <testcase name="equalityTest[29]" classname="org.bitcoinj.utils.BtcFormatTest" time="0.002"/>
[...]
  <testcase name="toStringTest[152]" classname="org.bitcoinj.utils.BtcFormatTest" time="0"/>
  <testcase name="testGrouping[152]" classname="org.bitcoinj.utils.BtcFormatTest" time="0.001"/>
  <testcase name="symbolsCodesTest[152]" classname="org.bitcoinj.utils.BtcFormatTest" time="0"/>
  <testcase name="defaultLocaleTest[152]" classname="org.bitcoinj.utils.BtcFormatTest" time="0"/>
  <testcase name="parsePositionTest[152]" classname="org.bitcoinj.utils.BtcFormatTest" time="0"/>
  <testcase name="argumentTypeTest[152]" classname="org.bitcoinj.utils.BtcFormatTest" time="0.001"/>
  <testcase name="characterIteratorTest[152]" classname="org.bitcoinj.utils.BtcFormatTest" time="0"/>
  <testcase name="repeatingPlaceTest[152]" classname="org.bitcoinj.utils.BtcFormatTest" time="0"/>
  <testcase name="currencyCodeTest[152]" classname="org.bitcoinj.utils.BtcFormatTest" time="0"/>
  <testcase name="patternDecimalPlaces[152]" classname="org.bitcoinj.utils.BtcFormatTest" time="0"/>
  <testcase name="factoryArgumentsTest[153]" classname="org.bitcoinj.utils.BtcFormatTest" time="0.001"/>
  <testcase name="parseTest[153]" classname="org.bitcoinj.utils.BtcFormatTest" time="0.001"/>
  <testcase name="microcoinScaleTest[153]" classname="org.bitcoinj.utils.BtcFormatTest" time="0"/>
  <testcase name="parseMetricTest[153]" classname="org.bitcoinj.utils.BtcFormatTest" time="0.001"/>
  <testcase name="coinScaleTest[153]" classname="org.bitcoinj.utils.BtcFormatTest" time="0"/>
  <testcase name="builderTest[153]" classname="org.bitcoinj.utils.BtcFormatTest" time="0.001"/>
  <testcase name="attributeTest[153]" classname="org.bitcoinj.utils.BtcFormatTest" time="0.001"/>
  <testcase name="prefixTest[153]" classname="org.bitcoinj.utils.BtcFormatTest" time="0"/>
  <testcase name="suffixTest[153]" classname="org.bitcoinj.utils.BtcFormatTest" time="0"/>
  <testcase name="autoDecimalTest[153]" classname="org.bitcoinj.utils.BtcFormatTest" time="0"/>
  <testcase name="symbolCollisionTest[153]" classname="org.bitcoinj.utils.BtcFormatTest" time="0.001"/>
  <testcase name="equalityTest[153]" classname="org.bitcoinj.utils.BtcFormatTest" time="0.001"/>
  <testcase name="columnAlignmentTest[153]" classname="org.bitcoinj.utils.BtcFormatTest" time="0"/>
  <testcase name="factoryTest[153]" classname="org.bitcoinj.utils.BtcFormatTest" time="0.001"/>
  <testcase name="parse[153]" classname="org.bitcoinj.utils.BtcFormatTest" time="0"/>
  <testcase name="btcRounding[153]" classname="org.bitcoinj.utils.BtcFormatTest" time="0"/>
  <testcase name="negativeTest[153]" classname="org.bitcoinj.utils.BtcFormatTest" time="0.001"/>
  <testcase name="millicoinScaleTest[153]" classname="org.bitcoinj.utils.BtcFormatTest" time="0"/>
  <testcase name="toStringTest[153]" classname="org.bitcoinj.utils.BtcFormatTest" time="0"/>
  <testcase name="testGrouping[153]" classname="org.bitcoinj.utils.BtcFormatTest" time="0"/>
  <testcase name="symbolsCodesTest[153]" classname="org.bitcoinj.utils.BtcFormatTest" time="0.001"/>
  <testcase name="defaultLocaleTest[153]" classname="org.bitcoinj.utils.BtcFormatTest" time="0"/>
  <testcase name="parsePositionTest[153]" classname="org.bitcoinj.utils.BtcFormatTest" time="0"/>
  <testcase name="argumentTypeTest[153]" classname="org.bitcoinj.utils.BtcFormatTest" time="0"/>
  <testcase name="characterIteratorTest[153]" classname="org.bitcoinj.utils.BtcFormatTest" time="0.001"/>
  <testcase name="repeatingPlaceTest[153]" classname="org.bitcoinj.utils.BtcFormatTest" time="0"/>
  <testcase name="currencyCodeTest[153]" classname="org.bitcoinj.utils.BtcFormatTest" time="0"/>
  <testcase name="patternDecimalPlaces[153]" classname="org.bitcoinj.utils.BtcFormatTest" time="0"/>
  <testcase name="factoryArgumentsTest[154]" classname="org.bitcoinj.utils.BtcFormatTest" time="0.001"/>
  <testcase name="parseTest[154]" classname="org.bitcoinj.utils.BtcFormatTest" time="0.001"/>
  <testcase name="microcoinScaleTest[154]" classname="org.bitcoinj.utils.BtcFormatTest" time="0"/>
  <testcase name="parseMetricTest[154]" classname="org.bitcoinj.utils.BtcFormatTest" time="0.001"/>
  <testcase name="coinScaleTest[154]" classname="org.bitcoinj.utils.BtcFormatTest" time="0"/>
  <testcase name="builderTest[154]" classname="org.bitcoinj.utils.BtcFormatTest" time="0.001"/>
  <testcase name="attributeTest[154]" classname="org.bitcoinj.utils.BtcFormatTest" time="0.001"/>
  <testcase name="prefixTest[154]" classname="org.bitcoinj.utils.BtcFormatTest" time="0"/>
  <testcase name="suffixTest[154]" classname="org.bitcoinj.utils.BtcFormatTest" time="0"/>
  <testcase name="autoDecimalTest[154]" classname="org.bitcoinj.utils.BtcFormatTest" time="0"/>
  <testcase name="symbolCollisionTest[154]" classname="org.bitcoinj.utils.BtcFormatTest" time="0.001"/>
  <testcase name="equalityTest[154]" classname="org.bitcoinj.utils.BtcFormatTest" time="0.001"/>
  <testcase name="columnAlignmentTest[154]" classname="org.bitcoinj.utils.BtcFormatTest" time="0"/>
  <testcase name="factoryTest[154]" classname="org.bitcoinj.utils.BtcFormatTest" time="0"/>
  <testcase name="parse[154]" classname="org.bitcoinj.utils.BtcFormatTest" time="0"/>
  <testcase name="btcRounding[154]" classname="org.bitcoinj.utils.BtcFormatTest" time="0"/>
  <testcase name="negativeTest[154]" classname="org.bitcoinj.utils.BtcFormatTest" time="0.001"/>
  <testcase name="millicoinScaleTest[154]" classname="org.bitcoinj.utils.BtcFormatTest" time="0"/>
  <testcase name="toStringTest[154]" classname="org.bitcoinj.utils.BtcFormatTest" time="0"/>
  <testcase name="testGrouping[154]" classname="org.bitcoinj.utils.BtcFormatTest" time="0"/>
  <testcase name="symbolsCodesTest[154]" classname="org.bitcoinj.utils.BtcFormatTest" time="0.001"/>
  <testcase name="defaultLocaleTest[154]" classname="org.bitcoinj.utils.BtcFormatTest" time="0"/>
  <testcase name="parsePositionTest[154]" classname="org.bitcoinj.utils.BtcFormatTest" time="0"/>
  <testcase name="argumentTypeTest[154]" classname="org.bitcoinj.utils.BtcFormatTest" time="0"/>
  <testcase name="characterIteratorTest[154]" classname="org.bitcoinj.utils.BtcFormatTest" time="0.001"/>
  <testcase name="repeatingPlaceTest[154]" classname="org.bitcoinj.utils.BtcFormatTest" time="0"/>
  <testcase name="currencyCodeTest[154]" classname="org.bitcoinj.utils.BtcFormatTest" time="0"/>
  <testcase name="patternDecimalPlaces[154]" classname="org.bitcoinj.utils.BtcFormatTest" time="0"/>
  <testcase name="factoryArgumentsTest[155]" classname="org.bitcoinj.utils.BtcFormatTest" time="0.001"/>
  <testcase name="parseTest[155]" classname="org.bitcoinj.utils.BtcFormatTest" time="0.001"/>
  <testcase name="microcoinScaleTest[155]" classname="org.bitcoinj.utils.BtcFormatTest" time="0"/>
  <testcase name="parseMetricTest[155]" classname="org.bitcoinj.utils.BtcFormatTest" time="0.001"/>
  <testcase name="coinScaleTest[155]" classname="org.bitcoinj.utils.BtcFormatTest" time="0"/>
  <testcase name="builderTest[155]" classname="org.bitcoinj.utils.BtcFormatTest" time="0.001"/>
  <testcase name="attributeTest[155]" classname="org.bitcoinj.utils.BtcFormatTest" time="0"/>
  <testcase name="prefixTest[155]" classname="org.bitcoinj.utils.BtcFormatTest" time="0"/>
  <testcase name="suffixTest[155]" classname="org.bitcoinj.utils.BtcFormatTest" time="0.001"/>
  <testcase name="autoDecimalTest[155]" classname="org.bitcoinj.utils.BtcFormatTest" time="0"/>
  <testcase name="symbolCollisionTest[155]" classname="org.bitcoinj.utils.BtcFormatTest" time="0.001"/>
  <testcase name="equalityTest[155]" classname="org.bitcoinj.utils.BtcFormatTest" time="0.001"/>
  <testcase name="columnAlignmentTest[155]" classname="org.bitcoinj.utils.BtcFormatTest" time="0"/>
  <testcase name="factoryTest[155]" classname="org.bitcoinj.utils.BtcFormatTest" time="0"/>
  <testcase name="parse[155]" classname="org.bitcoinj.utils.BtcFormatTest" time="0"/>
  <testcase name="btcRounding[155]" classname="org.bitcoinj.utils.BtcFormatTest" time="0.001"/>
  <testcase name="negativeTest[155]" classname="org.bitcoinj.utils.BtcFormatTest" time="0"/>
  <testcase name="millicoinScaleTest[155]" classname="org.bitcoinj.utils.BtcFormatTest" time="0"/>
  <testcase name="toStringTest[155]" classname="org.bitcoinj.utils.BtcFormatTest" time="0.001"/>
  <testcase name="testGrouping[155]" classname="org.bitcoinj.utils.BtcFormatTest" time="0"/>
  <testcase name="symbolsCodesTest[155]" classname="org.bitcoinj.utils.BtcFormatTest" time="0"/>
  <testcase name="defaultLocaleTest[155]" classname="org.bitcoinj.utils.BtcFormatTest" time="0"/>
  <testcase name="parsePositionTest[155]" classname="org.bitcoinj.utils.BtcFormatTest" time="0"/>
  <testcase name="argumentTypeTest[155]" classname="org.bitcoinj.utils.BtcFormatTest" time="0.001"/>
  <testcase name="characterIteratorTest[155]" classname="org.bitcoinj.utils.BtcFormatTest" time="0"/>
  <testcase name="repeatingPlaceTest[155]" classname="org.bitcoinj.utils.BtcFormatTest" time="0"/>
  <testcase name="currencyCodeTest[155]" classname="org.bitcoinj.utils.BtcFormatTest" time="0"/>
  <testcase name="patternDecimalPlaces[155]" classname="org.bitcoinj.utils.BtcFormatTest" time="0"/>
  <testcase name="factoryArgumentsTest[156]" classname="org.bitcoinj.utils.BtcFormatTest" time="0.001"/>
  <testcase name="parseTest[156]" classname="org.bitcoinj.utils.BtcFormatTest" time="0.001"/>
  <testcase name="microcoinScaleTest[156]" classname="org.bitcoinj.utils.BtcFormatTest" time="0"/>
  <testcase name="parseMetricTest[156]" classname="org.bitcoinj.utils.BtcFormatTest" time="0.001"/>
  <testcase name="coinScaleTest[156]" classname="org.bitcoinj.utils.BtcFormatTest" time="0"/>
  <testcase name="builderTest[156]" classname="org.bitcoinj.utils.BtcFormatTest" time="0.001"/>
  <testcase name="attributeTest[156]" classname="org.bitcoinj.utils.BtcFormatTest" time="0.001"/>
  <testcase name="prefixTest[156]" classname="org.bitcoinj.utils.BtcFormatTest" time="0"/>
  <testcase name="suffixTest[156]" classname="org.bitcoinj.utils.BtcFormatTest" time="0"/>
  <testcase name="autoDecimalTest[156]" classname="org.bitcoinj.utils.BtcFormatTest" time="0"/>
  <testcase name="symbolCollisionTest[156]" classname="org.bitcoinj.utils.BtcFormatTest" time="0.001"/>
  <testcase name="equalityTest[156]" classname="org.bitcoinj.utils.BtcFormatTest" time="0.001"/>
  <testcase name="columnAlignmentTest[156]" classname="org.bitcoinj.utils.BtcFormatTest" time="0"/>
  <testcase name="factoryTest[156]" classname="org.bitcoinj.utils.BtcFormatTest" time="0"/>
  <testcase name="parse[156]" classname="org.bitcoinj.utils.BtcFormatTest" time="0"/>
  <testcase name="btcRounding[156]" classname="org.bitcoinj.utils.BtcFormatTest" time="0.001"/>
  <testcase name="negativeTest[156]" classname="org.bitcoinj.utils.BtcFormatTest" time="0"/>
  <testcase name="millicoinScaleTest[156]" classname="org.bitcoinj.utils.BtcFormatTest" time="0"/>
  <testcase name="toStringTest[156]" classname="org.bitcoinj.utils.BtcFormatTest" time="0.001"/>
  <testcase name="testGrouping[156]" classname="org.bitcoinj.utils.BtcFormatTest" time="0"/>
  <testcase name="symbolsCodesTest[156]" classname="org.bitcoinj.utils.BtcFormatTest" time="0"/>
  <testcase name="defaultLocaleTest[156]" classname="org.bitcoinj.utils.BtcFormatTest" time="0"/>
  <testcase name="parsePositionTest[156]" classname="org.bitcoinj.utils.BtcFormatTest" time="0"/>
  <testcase name="argumentTypeTest[156]" classname="org.bitcoinj.utils.BtcFormatTest" time="0"/>
  <testcase name="characterIteratorTest[156]" classname="org.bitcoinj.utils.BtcFormatTest" time="0"/>
  <testcase name="repeatingPlaceTest[156]" classname="org.bitcoinj.utils.BtcFormatTest" time="0"/>
  <testcase name="currencyCodeTest[156]" classname="org.bitcoinj.utils.BtcFormatTest" time="0.001"/>
  <testcase name="patternDecimalPlaces[156]" classname="org.bitcoinj.utils.BtcFormatTest" time="0"/>
  <testcase name="factoryArgumentsTest[157]" classname="org.bitcoinj.utils.BtcFormatTest" time="0"/>
  <testcase name="parseTest[157]" classname="org.bitcoinj.utils.BtcFormatTest" time="0.002"/>
  <testcase name="microcoinScaleTest[157]" classname="org.bitcoinj.utils.BtcFormatTest" time="0"/>
  <testcase name="parseMetricTest[157]" classname="org.bitcoinj.utils.BtcFormatTest" time="0"/>
  <testcase name="coinScaleTest[157]" classname="org.bitcoinj.utils.BtcFormatTest" time="0.001"/>
  <testcase name="builderTest[157]" classname="org.bitcoinj.utils.BtcFormatTest" time="0.001"/>
  <testcase name="attributeTest[157]" classname="org.bitcoinj.utils.BtcFormatTest" time="0"/>
  <testcase name="prefixTest[157]" classname="org.bitcoinj.utils.BtcFormatTest" time="0"/>
  <testcase name="suffixTest[157]" classname="org.bitcoinj.utils.BtcFormatTest" time="0"/>
  <testcase name="autoDecimalTest[157]" classname="org.bitcoinj.utils.BtcFormatTest" time="0.002"/>
  <testcase name="symbolCollisionTest[157]" classname="org.bitcoinj.utils.BtcFormatTest" time="0"/>
  <testcase name="equalityTest[157]" classname="org.bitcoinj.utils.BtcFormatTest" time="0.001"/>
  <testcase name="columnAlignmentTest[157]" classname="org.bitcoinj.utils.BtcFormatTest" time="0.001"/>
  <testcase name="factoryTest[157]" classname="org.bitcoinj.utils.BtcFormatTest" time="0"/>
  <testcase name="parse[157]" classname="org.bitcoinj.utils.BtcFormatTest" time="0"/>
  <testcase name="btcRounding[157]" classname="org.bitcoinj.utils.BtcFormatTest" time="0.001"/>
  <testcase name="negativeTest[157]" classname="org.bitcoinj.utils.BtcFormatTest" time="0"/>
  <testcase name="millicoinScaleTest[157]" classname="org.bitcoinj.utils.BtcFormatTest" time="0"/>
  <testcase name="toStringTest[157]" classname="org.bitcoinj.utils.BtcFormatTest" time="0"/>
  <testcase name="testGrouping[157]" classname="org.bitcoinj.utils.BtcFormatTest" time="0"/>
  <testcase name="symbolsCodesTest[157]" classname="org.bitcoinj.utils.BtcFormatTest" time="0.016"/>
  <testcase name="defaultLocaleTest[157]" classname="org.bitcoinj.utils.BtcFormatTest" time="0"/>
  <testcase name="parsePositionTest[157]" classname="org.bitcoinj.utils.BtcFormatTest" time="0"/>
  <testcase name="argumentTypeTest[157]" classname="org.bitcoinj.utils.BtcFormatTest" time="0.004"/>
  <testcase name="characterIteratorTest[157]" classname="org.bitcoinj.utils.BtcFormatTest" time="0"/>
  <testcase name="repeatingPlaceTest[157]" classname="org.bitcoinj.utils.BtcFormatTest" time="0"/>
  <testcase name="currencyCodeTest[157]" classname="org.bitcoinj.utils.BtcFormatTest" time="0"/>
  <testcase name="patternDecimalPlaces[157]" classname="org.bitcoinj.utils.BtcFormatTest" time="0"/>
  <testcase name="factoryArgumentsTest[158]" classname="org.bitcoinj.utils.BtcFormatTest" time="0"/>
  <testcase name="parseTest[158]" classname="org.bitcoinj.utils.BtcFormatTest" time="0.001"/>
  <testcase name="microcoinScaleTest[158]" classname="org.bitcoinj.utils.BtcFormatTest" time="0"/>
  <testcase name="parseMetricTest[158]" classname="org.bitcoinj.utils.BtcFormatTest" time="0.001"/>
  <testcase name="coinScaleTest[158]" classname="org.bitcoinj.utils.BtcFormatTest" time="0"/>
  <testcase name="builderTest[158]" classname="org.bitcoinj.utils.BtcFormatTest" time="0.001"/>
  <testcase name="attributeTest[158]" classname="org.bitcoinj.utils.BtcFormatTest" time="0"/>
  <testcase name="prefixTest[158]" classname="org.bitcoinj.utils.BtcFormatTest" time="0"/>
  <testcase name="suffixTest[158]" classname="org.bitcoinj.utils.BtcFormatTest" time="0"/>
  <testcase name="autoDecimalTest[158]" classname="org.bitcoinj.utils.BtcFormatTest" time="0.001"/>
  <testcase name="symbolCollisionTest[158]" classname="org.bitcoinj.utils.BtcFormatTest" time="0.001"/>
  <testcase name="equalityTest[158]" classname="org.bitcoinj.utils.BtcFormatTest" time="0.001"/>
  <testcase name="columnAlignmentTest[158]" classname="org.bitcoinj.utils.BtcFormatTest" time="0"/>
  <testcase name="factoryTest[158]" classname="org.bitcoinj.utils.BtcFormatTest" time="0"/>
  <testcase name="parse[158]" classname="org.bitcoinj.utils.BtcFormatTest" time="0"/>
  <testcase name="btcRounding[158]" classname="org.bitcoinj.utils.BtcFormatTest" time="0.001"/>
  <testcase name="negativeTest[158]" classname="org.bitcoinj.utils.BtcFormatTest" time="0"/>
  <testcase name="millicoinScaleTest[158]" classname="org.bitcoinj.utils.BtcFormatTest" time="0"/>
  <testcase name="toStringTest[158]" classname="org.bitcoinj.utils.BtcFormatTest" time="0.001"/>
  <testcase name="testGrouping[158]" classname="org.bitcoinj.utils.BtcFormatTest" time="0"/>
  <testcase name="symbolsCodesTest[158]" classname="org.bitcoinj.utils.BtcFormatTest" time="0"/>
  <testcase name="defaultLocaleTest[158]" classname="org.bitcoinj.utils.BtcFormatTest" time="0"/>
  <testcase name="parsePositionTest[158]" classname="org.bitcoinj.utils.BtcFormatTest" time="0"/>
  <testcase name="argumentTypeTest[158]" classname="org.bitcoinj.utils.BtcFormatTest" time="0.001"/>
  <testcase name="characterIteratorTest[158]" classname="org.bitcoinj.utils.BtcFormatTest" time="0"/>
  <testcase name="repeatingPlaceTest[158]" classname="org.bitcoinj.utils.BtcFormatTest" time="0"/>
  <testcase name="currencyCodeTest[158]" classname="org.bitcoinj.utils.BtcFormatTest" time="0"/>
  <testcase name="patternDecimalPlaces[158]" classname="org.bitcoinj.utils.BtcFormatTest" time="0"/>
  <testcase name="factoryArgumentsTest[159]" classname="org.bitcoinj.utils.BtcFormatTest" time="0.001"/>
  <testcase name="parseTest[159]" classname="org.bitcoinj.utils.BtcFormatTest" time="0.001"/>
  <testcase name="microcoinScaleTest[159]" classname="org.bitcoinj.utils.BtcFormatTest" time="0"/>
  <testcase name="parseMetricTest[159]" classname="org.bitcoinj.utils.BtcFormatTest" time="0.001"/>
  <testcase name="coinScaleTest[159]" classname="org.bitcoinj.utils.BtcFormatTest" time="0"/>
  <testcase name="builderTest[159]" classname="org.bitcoinj.utils.BtcFormatTest" time="0.001"/>
  <testcase name="attributeTest[159]" classname="org.bitcoinj.utils.BtcFormatTest" time="0"/>
  <testcase name="prefixTest[159]" classname="org.bitcoinj.utils.BtcFormatTest" time="0.001"/>
  <testcase name="suffixTest[159]" classname="org.bitcoinj.utils.BtcFormatTest" time="0"/>
  <testcase name="autoDecimalTest[159]" classname="org.bitcoinj.utils.BtcFormatTest" time="0"/>
  <testcase name="symbolCollisionTest[159]" classname="org.bitcoinj.utils.BtcFormatTest" time="0.001"/>
  <testcase name="equalityTest[159]" classname="org.bitcoinj.utils.BtcFormatTest" time="0.001"/>
  <testcase name="columnAlignmentTest[159]" classname="org.bitcoinj.utils.BtcFormatTest" time="0"/>
  <testcase name="factoryTest[159]" classname="org.bitcoinj.utils.BtcFormatTest" time="0"/>
  <testcase name="parse[159]" classname="org.bitcoinj.utils.BtcFormatTest" time="0"/>
  <testcase name="btcRounding[159]" classname="org.bitcoinj.utils.BtcFormatTest" time="0.001"/>
  <testcase name="negativeTest[159]" classname="org.bitcoinj.utils.BtcFormatTest" time="0"/>
  <testcase name="millicoinScaleTest[159]" classname="org.bitcoinj.utils.BtcFormatTest" time="0"/>
  <testcase name="toStringTest[159]" classname="org.bitcoinj.utils.BtcFormatTest" time="0.001"/>
  <testcase name="testGrouping[159]" classname="org.bitcoinj.utils.BtcFormatTest" time="0"/>
  <testcase name="symbolsCodesTest[159]" classname="org.bitcoinj.utils.BtcFormatTest" time="0"/>
  <testcase name="defaultLocaleTest[159]" classname="org.bitcoinj.utils.BtcFormatTest" time="0"/>
  <testcase name="parsePositionTest[159]" classname="org.bitcoinj.utils.BtcFormatTest" time="0"/>
  <testcase name="argumentTypeTest[159]" classname="org.bitcoinj.utils.BtcFormatTest" time="0.001"/>
  <testcase name="characterIteratorTest[159]" classname="org.bitcoinj.utils.BtcFormatTest" time="0"/>
  <testcase name="repeatingPlaceTest[159]" classname="org.bitcoinj.utils.BtcFormatTest" time="0"/>
  <testcase name="currencyCodeTest[159]" classname="org.bitcoinj.utils.BtcFormatTest" time="0"/>
  <testcase name="patternDecimalPlaces[159]" classname="org.bitcoinj.utils.BtcFormatTest" time="0"/>
</testsuite>