<?xml version="1.0" encoding="UTF-8"?>
<testsuite xmlns:xsi="http://www.w3.org/2001/XMLSchema-instance" xsi:schemaLocation="https://maven.apache.org/surefire/maven-surefire-plugin/xsd/surefire-test-report.xsd" name="org.bitcoinj.core.ECKeyTest" time="0.699" tests="24" errors="0" skipped="0" failures="0">
  <properties>
[...]
</properties>
  <testcase name="roundTripDumpedPrivKey" classname="org.bitcoinj.core.ECKeyTest" time="0.019"/>
  <testcase name="keyRecovery" classname="org.bitcoinj.core.ECKeyTest" time="0.007"/>
  <testcase name="keyRecoveryWithEncryptedKey" classname="org.bitcoinj.core.ECKeyTest" time="0.143"/>
  <testcase name="testSignatures" classname="org.bitcoinj.core.ECKeyTest" time="0.003"/>
  <testcase name="testGetPublicKeyAsHex" classname="org.bitcoinj.core.ECKeyTest" time="0.001"/>
  <testcase name="testEncryptedCreate" classname="org.bitcoinj.core.ECKeyTest" time="0.088"/>
  <testcase name="signTextMessage" classname="org.bitcoinj.core.ECKeyTest" time="0.009"/>
  <testcase name="testEncryptionIsReversible" classname="org.bitcoinj.core.ECKeyTest" time="0.166"/>
  <testcase name="base58Encoding_stress" classname="org.bitcoinj.core.ECKeyTest" time="0.01"/>
  <testcase name="testToString" classname="org.bitcoinj.core.ECKeyTest" time="0.003"/>
  <testcase name="sValue" classname="org.bitcoinj.core.ECKeyTest" time="0.029"/>
  <testcase name="testASN1Roundtrip" classname="org.bitcoinj.core.ECKeyTest" time="0.029"/>
  <testcase name="fromPrivate_exceedsSize" classname="org.bitcoinj.core.ECKeyTest" time="0"/>
  <testcase name="base58Encoding_leadingZero" classname="org.bitcoinj.core.ECKeyTest" time="0.001"/>
  <testcase name="testCanonicalSigs" classname="org.bitcoinj.core.ECKeyTest" time="0.002"/>
  <testcase name="testUnencryptedCreate" classname="org.bitcoinj.core.ECKeyTest" time="0.094"/>
  <testcase name="testKeyPairRoundtrip" classname="org.bitcoinj.core.ECKeyTest" time="0.01"/>
  <testcase name="clear" classname="org.bitcoinj.core.ECKeyTest" time="0.065"/>
  <testcase name="verifyMessage" classname="org.bitcoinj.core.ECKeyTest" time="0.001"/>
  <testcase name="testCreatedSigAndPubkeyAreCanonical" classname="org.bitcoinj.core.ECKeyTest" time="0.001"/>
  <testcase name="testPublicKeysAreEqual" classname="org.bitcoinj.core.ECKeyTest" time="0.001"/>
  <testcase name="testNonCanonicalSigs" classname="org.bitcoinj.core.ECKeyTest" time="0.013"/>
  <testcase name="base58Encoding" classname="org.bitcoinj.core.ECKeyTest" time="0.001"/>
  <testcase name="testGetPrivateKeyAsHex" classname="org.bitcoinj.core.ECKeyTest" time="0"/>
</testsuite>