<?xml version="1.0" encoding="UTF-8"?>
<testsuite xmlns:xsi="http://www.w3.org/2001/XMLSchema-instance" xsi:schemaLocation="https://maven.apache.org/surefire/maven-surefire-plugin/xsd/surefire-test-report.xsd" name="org.bitcoinj.core.PeerTest" time="11.229" tests="96" errors="0" skipped="0" failures="0">
  <properties>
[...]
</properties>
  <testcase name="recursiveDependencyDownloadDisabled[0]" classname="org.bitcoinj.core.PeerTest" time="0.09"/>
  <testcase name="testAddConnectedEventListener[0]" classname="org.bitcoinj.core.PeerTest" time="0.052"/>
  <testcase name="acceptTimeLockedDependency[0]" classname="org.bitcoinj.core.PeerTest" time="0.107"/>
  <testcase name="timeLockedTransactionNew[0]" classname="org.bitcoinj.core.PeerTest" time="0.211"/>
  <testcase name="invDownloadTx[0]" classname="org.bitcoinj.core.PeerTest" time="0.107"/>
  <testcase name="disconnectOldVersions1[0]" classname="org.bitcoinj.core.PeerTest" time="0.057"/>
  <testcase name="rejectTimeLockedDependency[0]" classname="org.bitcoinj.core.PeerTest" time="0.108"/>
  <testcase name="invNoDownload[0]" classname="org.bitcoinj.core.PeerTest" time="0.094"/>
  <testcase name="badMessage[0]" classname="org.bitcoinj.core.PeerTest" time="0.061"/>
  <testcase name="pingPong[0]" classname="org.bitcoinj.core.PeerTest" time="0.167"/>
  <testcase name="shutdown[0]" classname="org.bitcoinj.core.PeerTest" time="0.061"/>
  <testcase name="fastCatchup[0]" classname="org.bitcoinj.core.PeerTest" time="0.125"/>
  <testcase name="chainDownloadEnd2End[0]" classname="org.bitcoinj.core.PeerTest" time="0.301"/>
  <testcase name="testAddDisconnectedEventListener[0]" classname="org.bitcoinj.core.PeerTest" time="0.05"/>
  <testcase name="exceptionListener[0]" classname="org.bitcoinj.core.PeerTest" time="0.037"/>
  <testcase name="startBlockChainDownload[0]" classname="org.bitcoinj.core.PeerTest" time="0.079"/>
  <testcase name="newBlock[0]" classname="org.bitcoinj.core.PeerTest" time="0.1"/>
  <testcase name="recursiveDependencyDownload_depthLimited[0]" classname="org.bitcoinj.core.PeerTest" time="0.194"/>
  <testcase name="getLargeBlock[0]" classname="org.bitcoinj.core.PeerTest" time="0.129"/>
  <testcase name="recursiveDependencyDownload[0]" classname="org.bitcoinj.core.PeerTest" time="0.298"/>
  <testcase name="invDownloadTxMultiPeer[0]" classname="org.bitcoinj.core.PeerTest" time="0.107"/>
  <testcase name="invTickle[0]" classname="org.bitcoinj.core.PeerTest" time="0.045"/>
  <testcase name="getBlock[0]" classname="org.bitcoinj.core.PeerTest" time="0.077"/>
  <testcase name="getUTXOs[0]" classname="org.bitcoinj.core.PeerTest" time="0.138"/>
  <testcase name="recursiveDependencyDownloadDisabled[1]" classname="org.bitcoinj.core.PeerTest" time="0.094"/>
  <testcase name="testAddConnectedEventListener[1]" classname="org.bitcoinj.core.PeerTest" time="0.046"/>
  <testcase name="acceptTimeLockedDependency[1]" classname="org.bitcoinj.core.PeerTest" time="0.106"/>
  <testcase name="timeLockedTransactionNew[1]" classname="org.bitcoinj.core.PeerTest" time="0.226"/>
  <testcase name="invDownloadTx[1]" classname="org.bitcoinj.core.PeerTest" time="0.105"/>
  <testcase name="disconnectOldVersions1[1]" classname="org.bitcoinj.core.PeerTest" time="0.05"/>
  <testcase name="rejectTimeLockedDependency[1]" classname="org.bitcoinj.core.PeerTest" time="0.106"/>
  <testcase name="invNoDownload[1]" classname="org.bitcoinj.core.PeerTest" time="0.092"/>
  <testcase name="badMessage[1]" classname="org.bitcoinj.core.PeerTest" time="0.05"/>
  <testcase name="pingPong[1]" classname="org.bitcoinj.core.PeerTest" time="0.165"/>
  <testcase name="shutdown[1]" classname="org.bitcoinj.core.PeerTest" time="0.034"/>
  <testcase name="fastCatchup[1]" classname="org.bitcoinj.core.PeerTest" time="0.126"/>
  <testcase name="chainDownloadEnd2End[1]" classname="org.bitcoinj.core.PeerTest" time="0.289"/>
  <testcase name="testAddDisconnectedEventListener[1]" classname="org.bitcoinj.core.PeerTest" time="0.06"/>
  <testcase name="exceptionListener[1]" classname="org.bitcoinj.core.PeerTest" time="0.035"/>
  <testcase name="startBlockChainDownload[1]" classname="org.bitcoinj.core.PeerTest" time="0.076"/>
  <testcase name="newBlock[1]" classname="org.bitcoinj.core.PeerTest" time="0.101"/>
  <testcase name="recursiveDependencyDownload_depthLimited[1]" classname="org.bitcoinj.core.PeerTest" time="0.192"/>
  <testcase name="getLargeBlock[1]" classname="org.bitcoinj.core.PeerTest" time="0.15"/>
  <testcase name="recursiveDependencyDownload[1]" classname="org.bitcoinj.core.PeerTest" time="0.3"/>
  <testcase name="invDownloadTxMultiPeer[1]" classname="org.bitcoinj.core.PeerTest" time="0.11"/>
  <testcase name="invTickle[1]" classname="org.bitcoinj.core.PeerTest" time="0.04"/>
  <testcase name="getBlock[1]" classname="org.bitcoinj.core.PeerTest" time="0.075"/>
  <testcase name="getUTXOs[1]" classname="org.bitcoinj.core.PeerTest" time="0.128"/>
  <testcase name="recursiveDependencyDownloadDisabled[2]" classname="org.bitcoinj.core.PeerTest" time="0.102"/>
  <testcase name="testAddConnectedEventListener[2]" classname="org.bitcoinj.core.PeerTest" time="0.053"/>
  <testcase name="acceptTimeLockedDependency[2]" classname="org.bitcoinj.core.PeerTest" time="0.113"/>
  <testcase name="timeLockedTransactionNew[2]" classname="org.bitcoinj.core.PeerTest" time="0.224"/>
  <testcase name="invDownloadTx[2]" classname="org.bitcoinj.core.PeerTest" time="0.105"/>
  <testcase name="disconnectOldVersions1[2]" classname="org.bitcoinj.core.PeerTest" time="0.056"/>
  <testcase name="rejectTimeLockedDependency[2]" classname="org.bitcoinj.core.PeerTest" time="0.112"/>
  <testcase name="invNoDownload[2]" classname="org.bitcoinj.core.PeerTest" time="0.089"/>
  <testcase name="badMessage[2]" classname="org.bitcoinj.core.PeerTest" time="0.047"/>
  <testcase name="pingPong[2]" classname="org.bitcoinj.core.PeerTest" time="0.164"/>
  <testcase name="shutdown[2]" classname="org.bitcoinj.core.PeerTest" time="0.032"/>
  <testcase name="fastCatchup[2]" classname="org.bitcoinj.core.PeerTest" time="0.131"/>
  <testcase name="chainDownloadEnd2End[2]" classname="org.bitcoinj.core.PeerTest" time="0.275"/>
  <testcase name="testAddDisconnectedEventListener[2]" classname="org.bitcoinj.core.PeerTest" time="0.06"/>
  <testcase name="exceptionListener[2]" classname="org.bitcoinj.core.PeerTest" time="0.034"/>
  <testcase name="startBlockChainDownload[2]" classname="org.bitcoinj.core.PeerTest" time="0.078"/>
  <testcase name="newBlock[2]" classname="org.bitcoinj.core.PeerTest" time="0.104"/>
  <testcase name="recursiveDependencyDownload_depthLimited[2]" classname="org.bitcoinj.core.PeerTest" time="0.177"/>
  <testcase name="getLargeBlock[2]" classname="org.bitcoinj.core.PeerTest" time="0.15"/>
  <testcase name="recursiveDependencyDownload[2]" classname="org.bitcoinj.core.PeerTest" time="0.305"/>
  <testcase name="invDownloadTxMultiPeer[2]" classname="org.bitcoinj.core.PeerTest" time="0.107"/>
  <testcase name="invTickle[2]" classname="org.bitcoinj.core.PeerTest" time="0.052"/>
  <testcase name="getBlock[2]" classname="org.bitcoinj.core.PeerTest" time="0.075"/>
  <testcase name="getUTXOs[2]" classname="org.bitcoinj.core.PeerTest" time="0.138"/>
  <testcase name="recursiveDependencyDownloadDisabled[3]" classname="org.bitcoinj.core.PeerTest" time="0.111"/>
  <testcase name="testAddConnectedEventListener[3]" classname="org.bitcoinj.core.PeerTest" time="0.049"/>
  <testcase name="acceptTimeLockedDependency[3]" classname="org.bitcoinj.core.PeerTest" time="0.106"/>
  <testcase name="timeLockedTransactionNew[3]" classname="org.bitcoinj.core.PeerTest" time="0.217"/>
  <testcase name="invDownloadTx[3]" classname="org.bitcoinj.core.PeerTest" time="0.103"/>
  <testcase name="disconnectOldVersions1[3]" classname="org.bitcoinj.core.PeerTest" time="0.054"/>
  <testcase name="rejectTimeLockedDependency[3]" classname="org.bitcoinj.core.PeerTest" time="0.108"/>
  <testcase name="invNoDownload[3]" classname="org.bitcoinj.core.PeerTest" time="0.084"/>
  <testcase name="badMessage[3]" classname="org.bitcoinj.core.PeerTest" time="0.047"/>
  <testcase name="pingPong[3]" classname="org.bitcoinj.core.PeerTest" time="0.166"/>
  <testcase name="shutdown[3]" classname="org.bitcoinj.core.PeerTest" time="0.06"/>
  <testcase name="fastCatchup[3]" classname="org.bitcoinj.core.PeerTest" time="0.121"/>
  <testcase name="chainDownloadEnd2End[3]" classname="org.bitcoinj.core.PeerTest" time="0.289"/>
  <testcase name="testAddDisconnectedEventListener[3]" classname="org.bitcoinj.core.PeerTest" time="0.06"/>
  <testcase name="exceptionListener[3]" classname="org.bitcoinj.core.PeerTest" time="0.076"/>
  <testcase name="startBlockChainDownload[3]" classname="org.bitcoinj.core.PeerTest" time="0.088"/>
  <testcase name="newBlock[3]" classname="org.bitcoinj.core.PeerTest" time="0.093"/>
  <testcase name="recursiveDependencyDownload_depthLimited[3]" classname="org.bitcoinj.core.PeerTest" time="0.182"/>
  <testcase name="getLargeBlock[3]" classname="org.bitcoinj.core.PeerTest" time="0.177"/>
  <testcase name="recursiveDependencyDownload[3]" classname="org.bitcoinj.core.PeerTest" time="0.306"/>
  <testcase name="invDownloadTxMultiPeer[3]" classname="org.bitcoinj.core.PeerTest" time="0.103"/>
  <testcase name="invTickle[3]" classname="org.bitcoinj.core.PeerTest" time="0.06"/>
  <testcase name="getBlock[3]" classname="org.bitcoinj.core.PeerTest" time="0.075"/>
  <testcase name="getUTXOs[3]" classname="org.bitcoinj.core.PeerTest" time="0.138"/>
</testsuite>