<?xml version="1.0" encoding="UTF-8"?>
<testsuite xmlns:xsi="http://www.w3.org/2001/XMLSchema-instance" xsi:schemaLocation="https://maven.apache.org/surefire/maven-surefire-plugin/xsd/surefire-test-report.xsd" name="org.bitcoinj.protocols.channels.ChannelConnectionTest" time="13.654" tests="34" errors="0" skipped="0" failures="0">
  <properties>
[...]
</properties>
  <testcase name="testDontResumeEmptyChannels[0: ChannelConnectionTest(org.bitcoinj.protocols.channels.ChannelConnectionTest$2@5b96272e)]" classname="org.bitcoinj.protocols.channels.ChannelConnectionTest" time="0.265"/>
  <testcase name="testServerErrorHandling_killSocketOnClose[0: ChannelConnectionTest(org.bitcoinj.protocols.channels.ChannelConnectionTest$2@5b96272e)]" classname="org.bitcoinj.protocols.channels.ChannelConnectionTest" time="0.06"/>
  <testcase name="testServerErrorHandling_killSocketOnError[0: ChannelConnectionTest(org.bitcoinj.protocols.channels.ChannelConnectionTest$2@5b96272e)]" classname="org.bitcoinj.protocols.channels.ChannelConnectionTest" time="0.063"/>
  <testcase name="testClientUnknownVersion[0: ChannelConnectionTest(org.bitcoinj.protocols.channels.ChannelConnectionTest$2@5b96272e)]" classname="org.bitcoinj.protocols.channels.ChannelConnectionTest" time="0.06"/>
  <testcase name="testChannelResume[0: ChannelConnectionTest(org.bitcoinj.protocols.channels.ChannelConnectionTest$2@5b96272e)]" classname="org.bitcoinj.protocols.channels.ChannelConnectionTest" time="2.123"/>
  <testcase name="repeatedChannels[0: ChannelConnectionTest(org.bitcoinj.protocols.channels.ChannelConnectionTest$2@5b96272e)]" classname="org.bitcoinj.protocols.channels.ChannelConnectionTest" time="0.08"/>
  <testcase name="testClientErrorHandlingIncreasePaymentError[0: ChannelConnectionTest(org.bitcoinj.protocols.channels.ChannelConnectionTest$2@5b96272e)]" classname="org.bitcoinj.protocols.channels.ChannelConnectionTest" time="0.065"/>
  <testcase name="testValuesAreRespected[0: ChannelConnectionTest(org.bitcoinj.protocols.channels.ChannelConnectionTest$2@5b96272e)]" classname="org.bitcoinj.protocols.channels.ChannelConnectionTest" time="0.068"/>
  <testcase name="testClientRandomMessage[0: ChannelConnectionTest(org.bitcoinj.protocols.channels.ChannelConnectionTest$2@5b96272e)]" classname="org.bitcoinj.protocols.channels.ChannelConnectionTest" time="0.061"/>
  <testcase name="testClientTimeWindowUnacceptable[0: ChannelConnectionTest(org.bitcoinj.protocols.channels.ChannelConnectionTest$2@5b96272e)]" classname="org.bitcoinj.protocols.channels.ChannelConnectionTest" time="0.071"/>
  <testcase name="testClientResumeNothing[0: ChannelConnectionTest(org.bitcoinj.protocols.channels.ChannelConnectionTest$2@5b96272e)]" classname="org.bitcoinj.protocols.channels.ChannelConnectionTest" time="0.061"/>
  <testcase name="testSimpleChannel[0: ChannelConnectionTest(org.bitcoinj.protocols.channels.ChannelConnectionTest$2@5b96272e)]" classname="org.bitcoinj.protocols.channels.ChannelConnectionTest" time="1.821"/>
  <testcase name="testEncryptedClientWallet[0: ChannelConnectionTest(org.bitcoinj.protocols.channels.ChannelConnectionTest$2@5b96272e)]" classname="org.bitcoinj.protocols.channels.ChannelConnectionTest" time="1.939"/>
  <testcase name="testEmptyWallet[0: ChannelConnectionTest(org.bitcoinj.protocols.channels.ChannelConnectionTest$2@5b96272e)]" classname="org.bitcoinj.protocols.channels.ChannelConnectionTest" time="0.113"/>
  <testcase name="testBadResumeHash[0: ChannelConnectionTest(org.bitcoinj.protocols.channels.ChannelConnectionTest$2@5b96272e)]" classname="org.bitcoinj.protocols.channels.ChannelConnectionTest" time="0.067"/>
  <testcase name="testClientRefusesNonCanonicalKey[0: ChannelConnectionTest(org.bitcoinj.protocols.channels.ChannelConnectionTest$2@5b96272e)]" classname="org.bitcoinj.protocols.channels.ChannelConnectionTest" time="0.061"/>
  <testcase name="testServerErrorHandling_badTransaction[0: ChannelConnectionTest(org.bitcoinj.protocols.channels.ChannelConnectionTest$2@5b96272e)]" classname="org.bitcoinj.protocols.channels.ChannelConnectionTest" time="0.065"/>
  <testcase name="testDontResumeEmptyChannels[1: ChannelConnectionTest(org.bitcoinj.protocols.channels.ChannelConnectionTest$3@4c5c8926)]" classname="org.bitcoinj.protocols.channels.ChannelConnectionTest" time="0.07"/>
  <testcase name="testServerErrorHandling_killSocketOnClose[1: ChannelConnectionTest(org.bitcoinj.protocols.channels.ChannelConnectionTest$3@4c5c8926)]" classname="org.bitcoinj.protocols.channels.ChannelConnectionTest" time="0.061"/>
  <testcase name="testServerErrorHandling_killSocketOnError[1: ChannelConnectionTest(org.bitcoinj.protocols.channels.ChannelConnectionTest$3@4c5c8926)]" classname="org.bitcoinj.protocols.channels.ChannelConnectionTest" time="0.064"/>
  <testcase name="testClientUnknownVersion[1: ChannelConnectionTest(org.bitcoinj.protocols.channels.ChannelConnectionTest$3@4c5c8926)]" classname="org.bitcoinj.protocols.channels.ChannelConnectionTest" time="0.061"/>
  <testcase name="testChannelResume[1: ChannelConnectionTest(org.bitcoinj.protocols.channels.ChannelConnectionTest$3@4c5c8926)]" classname="org.bitcoinj.protocols.channels.ChannelConnectionTest" time="2.08"/>
  <testcase name="repeatedChannels[1: ChannelConnectionTest(org.bitcoinj.protocols.channels.ChannelConnectionTest$3@4c5c8926)]" classname="org.bitcoinj.protocols.channels.ChannelConnectionTest" time="0.104"/>
  <testcase name="testClientErrorHandlingIncreasePaymentError[1: ChannelConnectionTest(org.bitcoinj.protocols.channels.ChannelConnectionTest$3@4c5c8926)]" classname="org.bitcoinj.protocols.channels.ChannelConnectionTest" time="0.065"/>
  <testcase name="testValuesAreRespected[1: ChannelConnectionTest(org.bitcoinj.protocols.channels.ChannelConnectionTest$3@4c5c8926)]" classname="org.bitcoinj.protocols.channels.ChannelConnectionTest" time="0.064"/>
  <testcase name="testClientRandomMessage[1: ChannelConnectionTest(org.bitcoinj.protocols.channels.ChannelConnectionTest$3@4c5c8926)]" classname="org.bitcoinj.protocols.channels.ChannelConnectionTest" time="0.059"/>
  <testcase name="testClientTimeWindowUnacceptable[1: ChannelConnectionTest(org.bitcoinj.protocols.channels.ChannelConnectionTest$3@4c5c8926)]" classname="org.bitcoinj.protocols.channels.ChannelConnectionTest" time="0.06"/>
  <testcase name="testClientResumeNothing[1: ChannelConnectionTest(org.bitcoinj.protocols.channels.ChannelConnectionTest$3@4c5c8926)]" classname="org.bitcoinj.protocols.channels.ChannelConnectionTest" time="0.061"/>
  <testcase name="testSimpleChannel[1: ChannelConnectionTest(org.bitcoinj.protocols.channels.ChannelConnectionTest$3@4c5c8926)]" classname="org.bitcoinj.protocols.channels.ChannelConnectionTest" time="1.711"/>
  <testcase name="testEncryptedClientWallet[1: ChannelConnectionTest(org.bitcoinj.protocols.channels.ChannelConnectionTest$3@4c5c8926)]" classname="org.bitcoinj.protocols.channels.ChannelConnectionTest" time="1.852"/>
  <testcase name="testEmptyWallet[1: ChannelConnectionTest(org.bitcoinj.protocols.channels.ChannelConnectionTest$3@4c5c8926)]" classname="org.bitcoinj.protocols.channels.ChannelConnectionTest" time="0.104"/>
  <testcase name="testBadResumeHash[1: ChannelConnectionTest(org.bitcoinj.protocols.channels.ChannelConnectionTest$3@4c5c8926)]" classname="org.bitcoinj.protocols.channels.ChannelConnectionTest" time="0.063"/>
  <testcase name="testClientRefusesNonCanonicalKey[1: ChannelConnectionTest(org.bitcoinj.protocols.channels.ChannelConnectionTest$3@4c5c8926)]" classname="org.bitcoinj.protocols.channels.ChannelConnectionTest" time="0.061"/>
  <testcase name="testServerErrorHandling_badTransaction[1: ChannelConnectionTest(org.bitcoinj.protocols.channels.ChannelConnectionTest$3@4c5c8926)]" classname="org.bitcoinj.protocols.channels.ChannelConnectionTest" time="0.061"/>
</testsuite>