<?xml version="1.0" encoding="UTF-8"?>
<testsuite xmlns:xsi="http://www.w3.org/2001/XMLSchema-instance" xsi:schemaLocation="https://maven.apache.org/surefire/maven-surefire-plugin/xsd/surefire-test-report.xsd" name="org.bitcoinj.wallet.WalletTest" time="10.065" tests="122" errors="0" skipped="0" failures="0">
  <properties>
[...]
</properties>
  <testcase name="completeTxPartiallySignedMarriedThrows" classname="org.bitcoinj.wallet.WalletTest" time="0.152"/>
  <testcase name="removeScriptsBloomFilter" classname="org.bitcoinj.wallet.WalletTest" time="0.057"/>
  <testcase name="sendMultipleCentsTest" classname="org.bitcoinj.wallet.WalletTest" time="0.056"/>
  <testcase name="cleanupFailsDueToSpend" classname="org.bitcoinj.wallet.WalletTest" time="0.05"/>
  <testcase name="spendOutputFromPendingTransaction" classname="org.bitcoinj.wallet.WalletTest" time="0.034"/>
  <testcase name="isConsistent_pools" classname="org.bitcoinj.wallet.WalletTest" time="0.031"/>
  <testcase name="isConsistent_spent" classname="org.bitcoinj.wallet.WalletTest" time="0.031"/>
  <testcase name="keyRotationHD" classname="org.bitcoinj.wallet.WalletTest" time="0.095"/>
  <testcase name="balances" classname="org.bitcoinj.wallet.WalletTest" time="0.031"/>
  <testcase name="txSpendingDeadTx" classname="org.bitcoinj.wallet.WalletTest" time="0.035"/>
  <testcase name="sideChain" classname="org.bitcoinj.wallet.WalletTest" time="0.03"/>
  <testcase name="twoOpReturnsPerTransactionTest" classname="org.bitcoinj.wallet.WalletTest" time="0.03"/>
  <testcase name="completeTxPartiallySignedThrows" classname="org.bitcoinj.wallet.WalletTest" time="0.032"/>
  <testcase name="watchingWalletWithCreationTime" classname="org.bitcoinj.wallet.WalletTest" time="0.031"/>
  <testcase name="watchingScriptsConfirmed" classname="org.bitcoinj.wallet.WalletTest" time="0.029"/>
  <testcase name="isTxConsistentReturnsFalseAsExpected" classname="org.bitcoinj.wallet.WalletTest" time="0.071"/>
  <testcase name="replayWhilstPending" classname="org.bitcoinj.wallet.WalletTest" time="0.035"/>
  <testcase name="getSeedAsWords1" classname="org.bitcoinj.wallet.WalletTest" time="0.029"/>
  <testcase name="sendRequestMemo" classname="org.bitcoinj.wallet.WalletTest" time="0.03"/>
  <testcase name="coinSelection_coinTimesDepth" classname="org.bitcoinj.wallet.WalletTest" time="0.068"/>
  <testcase name="sendDustTest" classname="org.bitcoinj.wallet.WalletTest" time="0.031"/>
  <testcase name="addUnencryptedKeyToEncryptedWallet" classname="org.bitcoinj.wallet.WalletTest" time="0.097"/>
  <testcase name="testEmptyRandomWallet" classname="org.bitcoinj.wallet.WalletTest" time="0.041"/>
  <testcase name="testCompleteTxWithExistingInputs" classname="org.bitcoinj.wallet.WalletTest" time="0.036"/>
  <testcase name="transactionGetFeeTest" classname="org.bitcoinj.wallet.WalletTest" time="0.031"/>
  <testcase name="sendDustAndOpReturnWithoutValueTest" classname="org.bitcoinj.wallet.WalletTest" time="0.03"/>
  <testcase name="completeTxPartiallySignedMarriedWithDummySigs" classname="org.bitcoinj.wallet.WalletTest" time="0.12"/>
  <testcase name="bounce" classname="org.bitcoinj.wallet.WalletTest" time="0.032"/>
  <testcase name="completeTxPartiallySignedMarriedThrowsByDefault" classname="org.bitcoinj.wallet.WalletTest" time="0.117"/>
  <testcase name="opReturnTwoOutputsTest" classname="org.bitcoinj.wallet.WalletTest" time="0.031"/>
  <testcase name="keyRotationRandom" classname="org.bitcoinj.wallet.WalletTest" time="0.072"/>
  <testcase name="opReturnMaxBytes" classname="org.bitcoinj.wallet.WalletTest" time="0.032"/>
  <testcase name="childPaysForParent" classname="org.bitcoinj.wallet.WalletTest" time="0.031"/>
  <testcase name="importOfHDKeyForbidden" classname="org.bitcoinj.wallet.WalletTest" time="0.043"/>
  <testcase name="fromKeys" classname="org.bitcoinj.wallet.WalletTest" time="0.055"/>
  <testcase name="ageMattersDuringSelection" classname="org.bitcoinj.wallet.WalletTest" time="0.044"/>
  <testcase name="upgradeToHDEncrypted" classname="org.bitcoinj.wallet.WalletTest" time="0.115"/>
  <testcase name="encryptionDecryptionBadPassword" classname="org.bitcoinj.wallet.WalletTest" time="0.139"/>
  <testcase name="opReturnOneOutputTest" classname="org.bitcoinj.wallet.WalletTest" time="0.034"/>
  <testcase name="spendToSameWallet" classname="org.bitcoinj.wallet.WalletTest" time="0.031"/>
  <testcase name="completeTxPartiallySignedWithDummySigs" classname="org.bitcoinj.wallet.WalletTest" time="0.032"/>
  <testcase name="doubleSpendWeCreate" classname="org.bitcoinj.wallet.WalletTest" time="0.044"/>
  <testcase name="lastBlockSeen" classname="org.bitcoinj.wallet.WalletTest" time="0.032"/>
  <testcase name="mismatchedCrypter" classname="org.bitcoinj.wallet.WalletTest" time="0.138"/>
  <testcase name="sendRequestExchangeRate" classname="org.bitcoinj.wallet.WalletTest" time="0.03"/>
  <testcase name="keyCreationTime" classname="org.bitcoinj.wallet.WalletTest" time="0.055"/>
  <testcase name="doubleSpendForBuildingTx" classname="org.bitcoinj.wallet.WalletTest" time="0.032"/>
  <testcase name="higherThanDefaultFee" classname="org.bitcoinj.wallet.WalletTest" time="0.033"/>
  <testcase name="sendRequestP2PKHTest" classname="org.bitcoinj.wallet.WalletTest" time="0.03"/>
  <testcase name="balanceWithIdenticalOutputs" classname="org.bitcoinj.wallet.WalletTest" time="0.028"/>
  <testcase name="doubleSpendFinneyAttack" classname="org.bitcoinj.wallet.WalletTest" time="0.034"/>
  <testcase name="respectMaxStandardSize" classname="org.bitcoinj.wallet.WalletTest" time="0.045"/>
  <testcase name="sendCoinsWithBroadcasterTest" classname="org.bitcoinj.wallet.WalletTest" time="0.038"/>
  <testcase name="balance" classname="org.bitcoinj.wallet.WalletTest" time="0.031"/>
  <testcase name="watchingScriptsSentFrom" classname="org.bitcoinj.wallet.WalletTest" time="0.031"/>
  <testcase name="shouldNotAddTransactionSignerThatIsNotReady" classname="org.bitcoinj.wallet.WalletTest" time="0.029"/>
  <testcase name="marriedKeychainBloomFilter" classname="org.bitcoinj.wallet.WalletTest" time="0.12"/>
  <testcase name="thresholdShouldNotExceedNumberOfKeys" classname="org.bitcoinj.wallet.WalletTest" time="0.114"/>
  <testcase name="isWatching" classname="org.bitcoinj.wallet.WalletTest" time="0.071"/>
  <testcase name="feeSolverAndCoinSelectionTest_dustySendRequested" classname="org.bitcoinj.wallet.WalletTest" time="0.032"/>
  <testcase name="opReturnOneOutputWithValueTest" classname="org.bitcoinj.wallet.WalletTest" time="0.031"/>
  <testcase name="doubleSpendUnspendsOtherInputs" classname="org.bitcoinj.wallet.WalletTest" time="0.032"/>
  <testcase name="sendDustAndMessageWithValueTest" classname="org.bitcoinj.wallet.WalletTest" time="0.03"/>
  <testcase name="transactionInBlockNotification" classname="org.bitcoinj.wallet.WalletTest" time="0.03"/>
  <testcase name="riskAnalysis" classname="org.bitcoinj.wallet.WalletTest" time="0.031"/>
  <testcase name="keyRotationHD2" classname="org.bitcoinj.wallet.WalletTest" time="0.087"/>
  <testcase name="addEncryptedKeyToUnencryptedWallet" classname="org.bitcoinj.wallet.WalletTest" time="0.151"/>
  <testcase name="watchingWallet" classname="org.bitcoinj.wallet.WalletTest" time="0.032"/>
  <testcase name="changePasswordTest" classname="org.bitcoinj.wallet.WalletTest" time="0.288"/>
  <testcase name="doubleSpendWeReceive" classname="org.bitcoinj.wallet.WalletTest" time="0.03"/>
  <testcase name="removeWatchedAddress" classname="org.bitcoinj.wallet.WalletTest" time="0.028"/>
  <testcase name="lowerThanDefaultFee" classname="org.bitcoinj.wallet.WalletTest" time="0.032"/>
  <testcase name="reset" classname="org.bitcoinj.wallet.WalletTest" time="0.029"/>
  <testcase name="changeAesKeyTest" classname="org.bitcoinj.wallet.WalletTest" time="0.195"/>
  <testcase name="spendingWithIncompatibleSigners" classname="org.bitcoinj.wallet.WalletTest" time="0.035"/>
  <testcase name="recipientPaysFees" classname="org.bitcoinj.wallet.WalletTest" time="0.033"/>
  <testcase name="basicSpendingToP2SH" classname="org.bitcoinj.wallet.WalletTest" time="0.037"/>
  <testcase name="testAddTransactionsDependingOn" classname="org.bitcoinj.wallet.WalletTest" time="0.033"/>
  <testcase name="customTransactionSpending" classname="org.bitcoinj.wallet.WalletTest" time="0.031"/>
  <testcase name="blockChainCatchup" classname="org.bitcoinj.wallet.WalletTest" time="0.037"/>
  <testcase name="pending1" classname="org.bitcoinj.wallet.WalletTest" time="0.032"/>
  <testcase name="pending2" classname="org.bitcoinj.wallet.WalletTest" time="0.032"/>
  <testcase name="pending3" classname="org.bitcoinj.wallet.WalletTest" time="0.031"/>
  <testcase name="upgradeToHDUnencrypted" classname="org.bitcoinj.wallet.WalletTest" time="0.056"/>
  <testcase name="exceptionsDoNotBlockAllListeners" classname="org.bitcoinj.wallet.WalletTest" time="0.031"/>
  <testcase name="checkSeed" classname="org.bitcoinj.wallet.WalletTest" time="0.028"/>
  <testcase name="scriptCreationTime" classname="org.bitcoinj.wallet.WalletTest" time="0.056"/>
  <testcase name="getWatchedAddresses" classname="org.bitcoinj.wallet.WalletTest" time="0.029"/>
  <testcase name="autosaveImmediate" classname="org.bitcoinj.wallet.WalletTest" time="0.034"/>
  <testcase name="transactionsList" classname="org.bitcoinj.wallet.WalletTest" time="0.031"/>
  <testcase name="encryptionDecryptionPasswordBasic" classname="org.bitcoinj.wallet.WalletTest" time="0.139"/>
  <testcase name="totalReceivedSent" classname="org.bitcoinj.wallet.WalletTest" time="0.031"/>
  <testcase name="testEmptyWallet" classname="org.bitcoinj.wallet.WalletTest" time="0.033"/>
  <testcase name="basicSpending" classname="org.bitcoinj.wallet.WalletTest" time="0.035"/>
  <testcase name="cleanup" classname="org.bitcoinj.wallet.WalletTest" time="0.033"/>
  <testcase name="sendCoinsNoBroadcasterTest" classname="org.bitcoinj.wallet.WalletTest" time="0.029"/>
  <testcase name="autosaveDelayed" classname="org.bitcoinj.wallet.WalletTest" time="3.041"/>
  <testcase name="completeTxPartiallySignedWithEmptySig" classname="org.bitcoinj.wallet.WalletTest" time="0.057"/>
  <testcase name="importAndEncrypt" classname="org.bitcoinj.wallet.WalletTest" time="0.18"/>
  <testcase name="doubleSpends" classname="org.bitcoinj.wallet.WalletTest" time="0.033"/>
  <testcase name="basicSpendingFromP2SH" classname="org.bitcoinj.wallet.WalletTest" time="0.392"/>
  <testcase name="duplicatedBlock" classname="org.bitcoinj.wallet.WalletTest" time="0.028"/>
  <testcase name="overridingDeadTxTest" classname="org.bitcoinj.wallet.WalletTest" time="0.033"/>
  <testcase name="completeTxPartiallySignedMarriedWithEmptySig" classname="org.bitcoinj.wallet.WalletTest" time="0.117"/>
  <testcase name="watchingScriptsBloomFilter" classname="org.bitcoinj.wallet.WalletTest" time="0.031"/>
  <testcase name="isTxConsistentReturnsFalseAsExpected_WhenAvailableForSpendingEqualsFalse" classname="org.bitcoinj.wallet.WalletTest" time="0.057"/>
  <testcase name="transactionSignersShouldBeSerializedAlongWithWallet" classname="org.bitcoinj.wallet.WalletTest" time="0.033"/>
  <testcase name="pubkeyOnlyScripts" classname="org.bitcoinj.wallet.WalletTest" time="0.03"/>
  <testcase name="outOfOrderPendingTxns" classname="org.bitcoinj.wallet.WalletTest" time="0.029"/>
  <testcase name="basicSpendingWithEncryptedWallet" classname="org.bitcoinj.wallet.WalletTest" time="0.186"/>
  <testcase name="encryptionDecryptionCheckExceptions" classname="org.bitcoinj.wallet.WalletTest" time="0.139"/>
  <testcase name="removeWatchedAddresses" classname="org.bitcoinj.wallet.WalletTest" time="0.034"/>
  <testcase name="isConsistent_duplicates" classname="org.bitcoinj.wallet.WalletTest" time="0.03"/>
  <testcase name="watchingMarriedWallet" classname="org.bitcoinj.wallet.WalletTest" time="0.091"/>
  <testcase name="sendRequestP2PKTest" classname="org.bitcoinj.wallet.WalletTest" time="0.029"/>
  <testcase name="watchingScripts" classname="org.bitcoinj.wallet.WalletTest" time="0.028"/>
  <testcase name="keyEvents" classname="org.bitcoinj.wallet.WalletTest" time="0.058"/>
  <testcase name="transactions" classname="org.bitcoinj.wallet.WalletTest" time="0.029"/>
  <testcase name="feeSolverAndCoinSelectionTests2" classname="org.bitcoinj.wallet.WalletTest" time="0.045"/>
  <testcase name="sortTxnsByDependency" classname="org.bitcoinj.wallet.WalletTest" time="0.046"/>
  <testcase name="testIrrelevantDoubleSpend" classname="org.bitcoinj.wallet.WalletTest" time="0.033"/>
  <testcase name="encryptionDecryptionAESBasic" classname="org.bitcoinj.wallet.WalletTest" time="0.222"/>
</testsuite>